{"/Users/oussama/Desktop/leet/b2/server/src/constants.mjs": {"path":"/Users/oussama/Desktop/leet/b2/server/src/constants.mjs","all":false,"statementMap":{"0":{"start":{"line":1,"column":0},"end":{"line":1,"column":23}},"1":{"start":{"line":2,"column":0},"end":{"line":2,"column":6}},"2":{"start":{"line":3,"column":0},"end":{"line":3,"column":17}},"3":{"start":{"line":4,"column":0},"end":{"line":4,"column":17}},"4":{"start":{"line":5,"column":0},"end":{"line":5,"column":17}},"5":{"start":{"line":6,"column":0},"end":{"line":6,"column":17}},"6":{"start":{"line":7,"column":0},"end":{"line":7,"column":4}},"7":{"start":{"line":8,"column":0},"end":{"line":8,"column":6}},"8":{"start":{"line":9,"column":0},"end":{"line":9,"column":14}},"9":{"start":{"line":10,"column":0},"end":{"line":10,"column":14}},"10":{"start":{"line":11,"column":0},"end":{"line":11,"column":14}},"11":{"start":{"line":12,"column":0},"end":{"line":12,"column":4}},"12":{"start":{"line":13,"column":0},"end":{"line":13,"column":6}},"13":{"start":{"line":14,"column":0},"end":{"line":14,"column":14}},"14":{"start":{"line":15,"column":0},"end":{"line":15,"column":14}},"15":{"start":{"line":16,"column":0},"end":{"line":16,"column":14}},"16":{"start":{"line":17,"column":0},"end":{"line":17,"column":4}},"17":{"start":{"line":18,"column":0},"end":{"line":18,"column":6}},"18":{"start":{"line":19,"column":0},"end":{"line":19,"column":11}},"19":{"start":{"line":20,"column":0},"end":{"line":20,"column":11}},"20":{"start":{"line":21,"column":0},"end":{"line":21,"column":4}},"21":{"start":{"line":22,"column":0},"end":{"line":22,"column":6}},"22":{"start":{"line":23,"column":0},"end":{"line":23,"column":14}},"23":{"start":{"line":24,"column":0},"end":{"line":24,"column":14}},"24":{"start":{"line":25,"column":0},"end":{"line":25,"column":14}},"25":{"start":{"line":26,"column":0},"end":{"line":26,"column":4}},"26":{"start":{"line":27,"column":0},"end":{"line":27,"column":6}},"27":{"start":{"line":28,"column":0},"end":{"line":28,"column":14}},"28":{"start":{"line":29,"column":0},"end":{"line":29,"column":14}},"29":{"start":{"line":30,"column":0},"end":{"line":30,"column":14}},"30":{"start":{"line":31,"column":0},"end":{"line":31,"column":4}},"31":{"start":{"line":32,"column":0},"end":{"line":32,"column":6}},"32":{"start":{"line":33,"column":0},"end":{"line":33,"column":14}},"33":{"start":{"line":34,"column":0},"end":{"line":34,"column":14}},"34":{"start":{"line":35,"column":0},"end":{"line":35,"column":14}},"35":{"start":{"line":36,"column":0},"end":{"line":36,"column":4}},"36":{"start":{"line":37,"column":0},"end":{"line":37,"column":2}}},"s":{"0":1,"1":1,"2":1,"3":1,"4":1,"5":1,"6":1,"7":1,"8":1,"9":1,"10":1,"11":1,"12":1,"13":1,"14":1,"15":1,"16":1,"17":1,"18":1,"19":1,"20":1,"21":1,"22":1,"23":1,"24":1,"25":1,"26":1,"27":1,"28":1,"29":1,"30":1,"31":1,"32":1,"33":1,"34":1,"35":1,"36":1},"branchMap":{},"b":{},"fnMap":{},"f":{}}
,"/Users/oussama/Desktop/leet/b2/server/src/game.mjs": {"path":"/Users/oussama/Desktop/leet/b2/server/src/game.mjs","all":false,"statementMap":{"0":{"start":{"line":1,"column":0},"end":{"line":1,"column":41}},"1":{"start":{"line":2,"column":0},"end":{"line":2,"column":0}},"2":{"start":{"line":3,"column":0},"end":{"line":3,"column":19}},"3":{"start":{"line":4,"column":0},"end":{"line":4,"column":25}},"4":{"start":{"line":5,"column":0},"end":{"line":5,"column":39}},"5":{"start":{"line":6,"column":0},"end":{"line":6,"column":28}},"6":{"start":{"line":7,"column":0},"end":{"line":7,"column":23}},"7":{"start":{"line":8,"column":0},"end":{"line":8,"column":22}},"8":{"start":{"line":9,"column":0},"end":{"line":9,"column":29}},"9":{"start":{"line":10,"column":0},"end":{"line":10,"column":27}},"10":{"start":{"line":11,"column":0},"end":{"line":11,"column":25}},"11":{"start":{"line":12,"column":0},"end":{"line":12,"column":3}},"12":{"start":{"line":13,"column":0},"end":{"line":13,"column":23}},"13":{"start":{"line":14,"column":0},"end":{"line":14,"column":35}},"14":{"start":{"line":15,"column":0},"end":{"line":15,"column":57}},"15":{"start":{"line":16,"column":0},"end":{"line":16,"column":5}},"16":{"start":{"line":17,"column":0},"end":{"line":17,"column":36}},"17":{"start":{"line":18,"column":0},"end":{"line":18,"column":80}},"18":{"start":{"line":19,"column":0},"end":{"line":19,"column":5}},"19":{"start":{"line":20,"column":0},"end":{"line":20,"column":23}},"20":{"start":{"line":21,"column":0},"end":{"line":21,"column":19}},"21":{"start":{"line":22,"column":0},"end":{"line":22,"column":36}},"22":{"start":{"line":23,"column":0},"end":{"line":23,"column":29}},"23":{"start":{"line":24,"column":0},"end":{"line":24,"column":26}},"24":{"start":{"line":25,"column":0},"end":{"line":25,"column":22}},"25":{"start":{"line":26,"column":0},"end":{"line":26,"column":7}},"26":{"start":{"line":27,"column":0},"end":{"line":27,"column":36}},"27":{"start":{"line":28,"column":0},"end":{"line":28,"column":21}},"28":{"start":{"line":29,"column":0},"end":{"line":29,"column":30}},"29":{"start":{"line":30,"column":0},"end":{"line":30,"column":9}},"30":{"start":{"line":31,"column":0},"end":{"line":31,"column":5}},"31":{"start":{"line":32,"column":0},"end":{"line":32,"column":12}},"32":{"start":{"line":33,"column":0},"end":{"line":33,"column":20}},"33":{"start":{"line":34,"column":0},"end":{"line":34,"column":43}},"34":{"start":{"line":35,"column":0},"end":{"line":35,"column":13}},"35":{"start":{"line":36,"column":0},"end":{"line":36,"column":28}},"36":{"start":{"line":37,"column":0},"end":{"line":37,"column":30}},"37":{"start":{"line":38,"column":0},"end":{"line":38,"column":8}},"38":{"start":{"line":39,"column":0},"end":{"line":39,"column":6}},"39":{"start":{"line":40,"column":0},"end":{"line":40,"column":3}},"40":{"start":{"line":41,"column":0},"end":{"line":41,"column":0}},"41":{"start":{"line":42,"column":0},"end":{"line":42,"column":24}},"42":{"start":{"line":43,"column":0},"end":{"line":43,"column":65}},"43":{"start":{"line":44,"column":0},"end":{"line":44,"column":3}},"44":{"start":{"line":45,"column":0},"end":{"line":45,"column":26}},"45":{"start":{"line":46,"column":0},"end":{"line":46,"column":37}},"46":{"start":{"line":47,"column":0},"end":{"line":47,"column":13}},"47":{"start":{"line":48,"column":0},"end":{"line":48,"column":5}},"48":{"start":{"line":49,"column":0},"end":{"line":49,"column":75}},"49":{"start":{"line":50,"column":0},"end":{"line":50,"column":36}},"50":{"start":{"line":51,"column":0},"end":{"line":51,"column":30}},"51":{"start":{"line":52,"column":0},"end":{"line":52,"column":25}},"52":{"start":{"line":53,"column":0},"end":{"line":53,"column":72}},"53":{"start":{"line":54,"column":0},"end":{"line":54,"column":31}},"54":{"start":{"line":55,"column":0},"end":{"line":55,"column":39}},"55":{"start":{"line":56,"column":0},"end":{"line":56,"column":5}},"56":{"start":{"line":57,"column":0},"end":{"line":57,"column":19}},"57":{"start":{"line":58,"column":0},"end":{"line":58,"column":26}},"58":{"start":{"line":59,"column":0},"end":{"line":59,"column":28}},"59":{"start":{"line":60,"column":0},"end":{"line":60,"column":7}},"60":{"start":{"line":61,"column":0},"end":{"line":61,"column":3}},"61":{"start":{"line":62,"column":0},"end":{"line":62,"column":0}},"62":{"start":{"line":63,"column":0},"end":{"line":63,"column":23}},"63":{"start":{"line":64,"column":0},"end":{"line":64,"column":65}},"64":{"start":{"line":65,"column":0},"end":{"line":65,"column":3}},"65":{"start":{"line":66,"column":0},"end":{"line":66,"column":0}},"66":{"start":{"line":67,"column":0},"end":{"line":67,"column":11}},"67":{"start":{"line":68,"column":0},"end":{"line":68,"column":28}},"68":{"start":{"line":69,"column":0},"end":{"line":69,"column":40}},"69":{"start":{"line":70,"column":0},"end":{"line":70,"column":28}},"70":{"start":{"line":71,"column":0},"end":{"line":71,"column":44}},"71":{"start":{"line":72,"column":0},"end":{"line":72,"column":58}},"72":{"start":{"line":73,"column":0},"end":{"line":73,"column":55}},"73":{"start":{"line":74,"column":0},"end":{"line":74,"column":30}},"74":{"start":{"line":75,"column":0},"end":{"line":75,"column":5}},"75":{"start":{"line":76,"column":0},"end":{"line":76,"column":19}},"76":{"start":{"line":77,"column":0},"end":{"line":77,"column":26}},"77":{"start":{"line":78,"column":0},"end":{"line":78,"column":28}},"78":{"start":{"line":79,"column":0},"end":{"line":79,"column":7}},"79":{"start":{"line":80,"column":0},"end":{"line":80,"column":20}},"80":{"start":{"line":81,"column":0},"end":{"line":81,"column":3}},"81":{"start":{"line":82,"column":0},"end":{"line":82,"column":0}},"82":{"start":{"line":83,"column":0},"end":{"line":83,"column":11}},"83":{"start":{"line":84,"column":0},"end":{"line":84,"column":28}},"84":{"start":{"line":85,"column":0},"end":{"line":85,"column":44}},"85":{"start":{"line":86,"column":0},"end":{"line":86,"column":26}},"86":{"start":{"line":87,"column":0},"end":{"line":87,"column":37}},"87":{"start":{"line":88,"column":0},"end":{"line":88,"column":29}},"88":{"start":{"line":89,"column":0},"end":{"line":89,"column":5}},"89":{"start":{"line":90,"column":0},"end":{"line":90,"column":40}},"90":{"start":{"line":91,"column":0},"end":{"line":91,"column":28}},"91":{"start":{"line":92,"column":0},"end":{"line":92,"column":44}},"92":{"start":{"line":93,"column":0},"end":{"line":93,"column":64}},"93":{"start":{"line":94,"column":0},"end":{"line":94,"column":55}},"94":{"start":{"line":95,"column":0},"end":{"line":95,"column":30}},"95":{"start":{"line":96,"column":0},"end":{"line":96,"column":5}},"96":{"start":{"line":97,"column":0},"end":{"line":97,"column":19}},"97":{"start":{"line":98,"column":0},"end":{"line":98,"column":26}},"98":{"start":{"line":99,"column":0},"end":{"line":99,"column":28}},"99":{"start":{"line":100,"column":0},"end":{"line":100,"column":7}},"100":{"start":{"line":101,"column":0},"end":{"line":101,"column":79}},"101":{"start":{"line":102,"column":0},"end":{"line":102,"column":3}},"102":{"start":{"line":103,"column":0},"end":{"line":103,"column":14}},"103":{"start":{"line":104,"column":0},"end":{"line":104,"column":56}},"104":{"start":{"line":105,"column":0},"end":{"line":105,"column":41}},"105":{"start":{"line":106,"column":0},"end":{"line":106,"column":42}},"106":{"start":{"line":107,"column":0},"end":{"line":107,"column":39}},"107":{"start":{"line":108,"column":0},"end":{"line":108,"column":41}},"108":{"start":{"line":109,"column":0},"end":{"line":109,"column":16}},"109":{"start":{"line":110,"column":0},"end":{"line":110,"column":48}},"110":{"start":{"line":111,"column":0},"end":{"line":111,"column":9}},"111":{"start":{"line":112,"column":0},"end":{"line":112,"column":7}},"112":{"start":{"line":113,"column":0},"end":{"line":113,"column":22}},"113":{"start":{"line":114,"column":0},"end":{"line":114,"column":3}},"114":{"start":{"line":115,"column":0},"end":{"line":115,"column":0}},"115":{"start":{"line":116,"column":0},"end":{"line":116,"column":28}},"116":{"start":{"line":117,"column":0},"end":{"line":117,"column":44}},"117":{"start":{"line":118,"column":0},"end":{"line":118,"column":52}},"118":{"start":{"line":119,"column":0},"end":{"line":119,"column":57}},"119":{"start":{"line":120,"column":0},"end":{"line":120,"column":51}},"120":{"start":{"line":121,"column":0},"end":{"line":121,"column":58}},"121":{"start":{"line":122,"column":0},"end":{"line":122,"column":40}},"122":{"start":{"line":123,"column":0},"end":{"line":123,"column":42}},"123":{"start":{"line":124,"column":0},"end":{"line":124,"column":42}},"124":{"start":{"line":125,"column":0},"end":{"line":125,"column":12}},"125":{"start":{"line":126,"column":0},"end":{"line":126,"column":26}},"126":{"start":{"line":127,"column":0},"end":{"line":127,"column":33}},"127":{"start":{"line":128,"column":0},"end":{"line":128,"column":26}},"128":{"start":{"line":129,"column":0},"end":{"line":129,"column":30}},"129":{"start":{"line":130,"column":0},"end":{"line":130,"column":11}},"130":{"start":{"line":131,"column":0},"end":{"line":131,"column":78}},"131":{"start":{"line":132,"column":0},"end":{"line":132,"column":9}},"132":{"start":{"line":133,"column":0},"end":{"line":133,"column":7}},"133":{"start":{"line":134,"column":0},"end":{"line":134,"column":5}},"134":{"start":{"line":135,"column":0},"end":{"line":135,"column":3}},"135":{"start":{"line":136,"column":0},"end":{"line":136,"column":24}},"136":{"start":{"line":137,"column":0},"end":{"line":137,"column":44}},"137":{"start":{"line":138,"column":0},"end":{"line":138,"column":24}},"138":{"start":{"line":139,"column":0},"end":{"line":139,"column":25}},"139":{"start":{"line":140,"column":0},"end":{"line":140,"column":52}},"140":{"start":{"line":141,"column":0},"end":{"line":141,"column":77}},"141":{"start":{"line":142,"column":0},"end":{"line":142,"column":36}},"142":{"start":{"line":143,"column":0},"end":{"line":143,"column":23}},"143":{"start":{"line":144,"column":0},"end":{"line":144,"column":7}},"144":{"start":{"line":145,"column":0},"end":{"line":145,"column":5}},"145":{"start":{"line":146,"column":0},"end":{"line":146,"column":44}},"146":{"start":{"line":147,"column":0},"end":{"line":147,"column":56}},"147":{"start":{"line":148,"column":0},"end":{"line":148,"column":5}},"148":{"start":{"line":149,"column":0},"end":{"line":149,"column":74}},"149":{"start":{"line":150,"column":0},"end":{"line":150,"column":45}},"150":{"start":{"line":151,"column":0},"end":{"line":151,"column":40}},"151":{"start":{"line":152,"column":0},"end":{"line":152,"column":48}},"152":{"start":{"line":153,"column":0},"end":{"line":153,"column":61}},"153":{"start":{"line":154,"column":0},"end":{"line":154,"column":36}},"154":{"start":{"line":155,"column":0},"end":{"line":155,"column":55}},"155":{"start":{"line":156,"column":0},"end":{"line":156,"column":9}},"156":{"start":{"line":157,"column":0},"end":{"line":157,"column":7}},"157":{"start":{"line":158,"column":0},"end":{"line":158,"column":5}},"158":{"start":{"line":159,"column":0},"end":{"line":159,"column":40}},"159":{"start":{"line":160,"column":0},"end":{"line":160,"column":3}},"160":{"start":{"line":161,"column":0},"end":{"line":161,"column":0}},"161":{"start":{"line":162,"column":0},"end":{"line":162,"column":28}},"162":{"start":{"line":163,"column":0},"end":{"line":163,"column":44}},"163":{"start":{"line":164,"column":0},"end":{"line":164,"column":58}},"164":{"start":{"line":165,"column":0},"end":{"line":165,"column":0}},"165":{"start":{"line":166,"column":0},"end":{"line":166,"column":73}},"166":{"start":{"line":167,"column":0},"end":{"line":167,"column":0}},"167":{"start":{"line":168,"column":0},"end":{"line":168,"column":56}},"168":{"start":{"line":169,"column":0},"end":{"line":169,"column":37}},"169":{"start":{"line":170,"column":0},"end":{"line":170,"column":31}},"170":{"start":{"line":171,"column":0},"end":{"line":171,"column":68}},"171":{"start":{"line":172,"column":0},"end":{"line":172,"column":21}},"172":{"start":{"line":173,"column":0},"end":{"line":173,"column":36}},"173":{"start":{"line":174,"column":0},"end":{"line":174,"column":28}},"174":{"start":{"line":175,"column":0},"end":{"line":175,"column":30}},"175":{"start":{"line":176,"column":0},"end":{"line":176,"column":9}},"176":{"start":{"line":177,"column":0},"end":{"line":177,"column":13}},"177":{"start":{"line":178,"column":0},"end":{"line":178,"column":5}},"178":{"start":{"line":179,"column":0},"end":{"line":179,"column":0}},"179":{"start":{"line":180,"column":0},"end":{"line":180,"column":43}},"180":{"start":{"line":181,"column":0},"end":{"line":181,"column":53}},"181":{"start":{"line":182,"column":0},"end":{"line":182,"column":3}},"182":{"start":{"line":183,"column":0},"end":{"line":183,"column":0}},"183":{"start":{"line":184,"column":0},"end":{"line":184,"column":29}},"184":{"start":{"line":185,"column":0},"end":{"line":185,"column":44}},"185":{"start":{"line":186,"column":0},"end":{"line":186,"column":52}},"186":{"start":{"line":187,"column":0},"end":{"line":187,"column":0}},"187":{"start":{"line":188,"column":0},"end":{"line":188,"column":57}},"188":{"start":{"line":189,"column":0},"end":{"line":189,"column":51}},"189":{"start":{"line":190,"column":0},"end":{"line":190,"column":0}},"190":{"start":{"line":191,"column":0},"end":{"line":191,"column":26}},"191":{"start":{"line":192,"column":0},"end":{"line":192,"column":49}},"192":{"start":{"line":193,"column":0},"end":{"line":193,"column":28}},"193":{"start":{"line":194,"column":0},"end":{"line":194,"column":15}},"194":{"start":{"line":195,"column":0},"end":{"line":195,"column":6}},"195":{"start":{"line":196,"column":0},"end":{"line":196,"column":0}},"196":{"start":{"line":197,"column":0},"end":{"line":197,"column":55}},"197":{"start":{"line":198,"column":0},"end":{"line":198,"column":53}},"198":{"start":{"line":199,"column":0},"end":{"line":199,"column":21}},"199":{"start":{"line":200,"column":0},"end":{"line":200,"column":30}},"200":{"start":{"line":201,"column":0},"end":{"line":201,"column":9}},"201":{"start":{"line":202,"column":0},"end":{"line":202,"column":5}},"202":{"start":{"line":203,"column":0},"end":{"line":203,"column":3}},"203":{"start":{"line":204,"column":0},"end":{"line":204,"column":0}},"204":{"start":{"line":205,"column":0},"end":{"line":205,"column":38}},"205":{"start":{"line":206,"column":0},"end":{"line":206,"column":44}},"206":{"start":{"line":207,"column":0},"end":{"line":207,"column":46}},"207":{"start":{"line":208,"column":0},"end":{"line":208,"column":65}},"208":{"start":{"line":209,"column":0},"end":{"line":209,"column":5}},"209":{"start":{"line":210,"column":0},"end":{"line":210,"column":0}},"210":{"start":{"line":211,"column":0},"end":{"line":211,"column":57}},"211":{"start":{"line":212,"column":0},"end":{"line":212,"column":38}},"212":{"start":{"line":213,"column":0},"end":{"line":213,"column":0}},"213":{"start":{"line":214,"column":0},"end":{"line":214,"column":31}},"214":{"start":{"line":215,"column":0},"end":{"line":215,"column":25}},"215":{"start":{"line":216,"column":0},"end":{"line":216,"column":39}},"216":{"start":{"line":217,"column":0},"end":{"line":217,"column":25}},"217":{"start":{"line":218,"column":0},"end":{"line":218,"column":38}},"218":{"start":{"line":219,"column":0},"end":{"line":219,"column":25}},"219":{"start":{"line":220,"column":0},"end":{"line":220,"column":5}},"220":{"start":{"line":221,"column":0},"end":{"line":221,"column":0}},"221":{"start":{"line":222,"column":0},"end":{"line":222,"column":26}},"222":{"start":{"line":223,"column":0},"end":{"line":223,"column":49}},"223":{"start":{"line":224,"column":0},"end":{"line":224,"column":13}},"224":{"start":{"line":225,"column":0},"end":{"line":225,"column":28}},"225":{"start":{"line":226,"column":0},"end":{"line":226,"column":6}},"226":{"start":{"line":227,"column":0},"end":{"line":227,"column":65}},"227":{"start":{"line":228,"column":0},"end":{"line":228,"column":0}},"228":{"start":{"line":229,"column":0},"end":{"line":229,"column":18}},"229":{"start":{"line":230,"column":0},"end":{"line":230,"column":53}},"230":{"start":{"line":231,"column":0},"end":{"line":231,"column":21}},"231":{"start":{"line":232,"column":0},"end":{"line":232,"column":30}},"232":{"start":{"line":233,"column":0},"end":{"line":233,"column":9}},"233":{"start":{"line":234,"column":0},"end":{"line":234,"column":13}},"234":{"start":{"line":235,"column":0},"end":{"line":235,"column":5}},"235":{"start":{"line":236,"column":0},"end":{"line":236,"column":31}},"236":{"start":{"line":237,"column":0},"end":{"line":237,"column":36}},"237":{"start":{"line":238,"column":0},"end":{"line":238,"column":32}},"238":{"start":{"line":239,"column":0},"end":{"line":239,"column":36}},"239":{"start":{"line":240,"column":0},"end":{"line":240,"column":21}},"240":{"start":{"line":241,"column":0},"end":{"line":241,"column":30}},"241":{"start":{"line":242,"column":0},"end":{"line":242,"column":9}},"242":{"start":{"line":243,"column":0},"end":{"line":243,"column":5}},"243":{"start":{"line":244,"column":0},"end":{"line":244,"column":3}},"244":{"start":{"line":245,"column":0},"end":{"line":245,"column":0}},"245":{"start":{"line":246,"column":0},"end":{"line":246,"column":27}},"246":{"start":{"line":247,"column":0},"end":{"line":247,"column":44}},"247":{"start":{"line":248,"column":0},"end":{"line":248,"column":58}},"248":{"start":{"line":249,"column":0},"end":{"line":249,"column":57}},"249":{"start":{"line":250,"column":0},"end":{"line":250,"column":38}},"250":{"start":{"line":251,"column":0},"end":{"line":251,"column":11}},"251":{"start":{"line":252,"column":0},"end":{"line":252,"column":38}},"252":{"start":{"line":253,"column":0},"end":{"line":253,"column":51}},"253":{"start":{"line":254,"column":0},"end":{"line":254,"column":15}},"254":{"start":{"line":255,"column":0},"end":{"line":255,"column":30}},"255":{"start":{"line":256,"column":0},"end":{"line":256,"column":8}},"256":{"start":{"line":257,"column":0},"end":{"line":257,"column":7}},"257":{"start":{"line":258,"column":0},"end":{"line":258,"column":25}},"258":{"start":{"line":259,"column":0},"end":{"line":259,"column":5}},"259":{"start":{"line":260,"column":0},"end":{"line":260,"column":23}},"260":{"start":{"line":261,"column":0},"end":{"line":261,"column":51}},"261":{"start":{"line":262,"column":0},"end":{"line":262,"column":34}},"262":{"start":{"line":263,"column":0},"end":{"line":263,"column":30}},"263":{"start":{"line":264,"column":0},"end":{"line":264,"column":34}},"264":{"start":{"line":265,"column":0},"end":{"line":265,"column":19}},"265":{"start":{"line":266,"column":0},"end":{"line":266,"column":28}},"266":{"start":{"line":267,"column":0},"end":{"line":267,"column":7}},"267":{"start":{"line":268,"column":0},"end":{"line":268,"column":3}},"268":{"start":{"line":269,"column":0},"end":{"line":269,"column":0}},"269":{"start":{"line":270,"column":0},"end":{"line":270,"column":20}},"270":{"start":{"line":271,"column":0},"end":{"line":271,"column":37}},"271":{"start":{"line":272,"column":0},"end":{"line":272,"column":68}},"272":{"start":{"line":273,"column":0},"end":{"line":273,"column":21}},"273":{"start":{"line":274,"column":0},"end":{"line":274,"column":3}},"274":{"start":{"line":275,"column":0},"end":{"line":275,"column":0}},"275":{"start":{"line":276,"column":0},"end":{"line":276,"column":24}},"276":{"start":{"line":277,"column":0},"end":{"line":277,"column":43}},"277":{"start":{"line":278,"column":0},"end":{"line":278,"column":48}},"278":{"start":{"line":279,"column":0},"end":{"line":279,"column":46}},"279":{"start":{"line":280,"column":0},"end":{"line":280,"column":34}},"280":{"start":{"line":281,"column":0},"end":{"line":281,"column":22}},"281":{"start":{"line":282,"column":0},"end":{"line":282,"column":70}},"282":{"start":{"line":283,"column":0},"end":{"line":283,"column":11}},"283":{"start":{"line":284,"column":0},"end":{"line":284,"column":6}},"284":{"start":{"line":285,"column":0},"end":{"line":285,"column":12}},"285":{"start":{"line":286,"column":0},"end":{"line":286,"column":15}},"286":{"start":{"line":287,"column":0},"end":{"line":287,"column":13}},"287":{"start":{"line":288,"column":0},"end":{"line":288,"column":15}},"288":{"start":{"line":289,"column":0},"end":{"line":289,"column":6}},"289":{"start":{"line":290,"column":0},"end":{"line":290,"column":3}},"290":{"start":{"line":291,"column":0},"end":{"line":291,"column":0}},"291":{"start":{"line":292,"column":0},"end":{"line":292,"column":22}},"292":{"start":{"line":293,"column":0},"end":{"line":293,"column":80}},"293":{"start":{"line":294,"column":0},"end":{"line":294,"column":3}},"294":{"start":{"line":295,"column":0},"end":{"line":295,"column":0}},"295":{"start":{"line":296,"column":0},"end":{"line":296,"column":33}},"296":{"start":{"line":297,"column":0},"end":{"line":297,"column":43}},"297":{"start":{"line":298,"column":0},"end":{"line":298,"column":51}},"298":{"start":{"line":299,"column":0},"end":{"line":299,"column":58}},"299":{"start":{"line":300,"column":0},"end":{"line":300,"column":84}},"300":{"start":{"line":301,"column":0},"end":{"line":301,"column":42}},"301":{"start":{"line":302,"column":0},"end":{"line":302,"column":42}},"302":{"start":{"line":303,"column":0},"end":{"line":303,"column":0}},"303":{"start":{"line":304,"column":0},"end":{"line":304,"column":12}},"304":{"start":{"line":305,"column":0},"end":{"line":305,"column":25}},"305":{"start":{"line":306,"column":0},"end":{"line":306,"column":34}},"306":{"start":{"line":307,"column":0},"end":{"line":307,"column":25}},"307":{"start":{"line":308,"column":0},"end":{"line":308,"column":31}},"308":{"start":{"line":309,"column":0},"end":{"line":309,"column":9}},"309":{"start":{"line":310,"column":0},"end":{"line":310,"column":46}},"310":{"start":{"line":311,"column":0},"end":{"line":311,"column":0}},"311":{"start":{"line":312,"column":0},"end":{"line":312,"column":102}},"312":{"start":{"line":313,"column":0},"end":{"line":313,"column":7}},"313":{"start":{"line":314,"column":0},"end":{"line":314,"column":5}},"314":{"start":{"line":315,"column":0},"end":{"line":315,"column":16}},"315":{"start":{"line":316,"column":0},"end":{"line":316,"column":3}},"316":{"start":{"line":317,"column":0},"end":{"line":317,"column":0}},"317":{"start":{"line":318,"column":0},"end":{"line":318,"column":21}},"318":{"start":{"line":319,"column":0},"end":{"line":319,"column":80}},"319":{"start":{"line":320,"column":0},"end":{"line":320,"column":3}},"320":{"start":{"line":321,"column":0},"end":{"line":321,"column":0}},"321":{"start":{"line":322,"column":0},"end":{"line":322,"column":12}},"322":{"start":{"line":323,"column":0},"end":{"line":323,"column":49}},"323":{"start":{"line":324,"column":0},"end":{"line":324,"column":3}},"324":{"start":{"line":325,"column":0},"end":{"line":325,"column":13}},"325":{"start":{"line":326,"column":0},"end":{"line":326,"column":50}},"326":{"start":{"line":327,"column":0},"end":{"line":327,"column":3}},"327":{"start":{"line":328,"column":0},"end":{"line":328,"column":1}}},"s":{"0":1,"1":1,"2":1,"3":1,"4":22,"5":22,"6":22,"7":22,"8":22,"9":22,"10":22,"11":22,"12":1,"13":19,"14":1,"15":1,"16":19,"17":1,"18":1,"19":17,"20":17,"21":17,"22":17,"23":17,"24":17,"25":17,"26":19,"27":5,"28":5,"29":5,"30":5,"31":17,"32":17,"33":17,"34":17,"35":17,"36":17,"37":17,"38":17,"39":19,"40":1,"41":1,"42":23,"43":23,"44":1,"45":3,"46":1,"47":1,"48":2,"49":3,"50":1,"51":1,"52":1,"53":1,"54":1,"55":1,"56":2,"57":2,"58":2,"59":2,"60":3,"61":1,"62":1,"63":5,"64":5,"65":1,"66":1,"67":2,"68":2,"69":3,"70":3,"71":3,"72":3,"73":3,"74":3,"75":2,"76":2,"77":2,"78":2,"79":2,"80":2,"81":1,"82":1,"83":1,"84":1,"85":1,"86":1,"87":1,"88":1,"89":1,"90":1,"91":1,"92":1,"93":1,"94":1,"95":1,"96":1,"97":1,"98":1,"99":1,"100":1,"101":1,"102":1,"103":2,"104":2,"105":2,"106":3,"107":0,"108":3,"109":3,"110":3,"111":3,"112":2,"113":2,"114":1,"115":1,"116":0,"117":0,"118":0,"119":0,"120":0,"121":0,"122":0,"123":0,"124":0,"125":0,"126":0,"127":0,"128":0,"129":0,"130":0,"131":0,"132":0,"133":0,"134":0,"135":1,"136":0,"137":0,"138":0,"139":0,"140":0,"141":0,"142":0,"143":0,"144":0,"145":0,"146":0,"147":0,"148":0,"149":0,"150":0,"151":0,"152":0,"153":0,"154":0,"155":0,"156":0,"157":0,"158":0,"159":0,"160":1,"161":1,"162":0,"163":0,"164":0,"165":0,"166":0,"167":0,"168":0,"169":0,"170":0,"171":0,"172":0,"173":0,"174":0,"175":0,"176":0,"177":0,"178":0,"179":0,"180":0,"181":0,"182":1,"183":1,"184":0,"185":0,"186":0,"187":0,"188":0,"189":0,"190":0,"191":0,"192":0,"193":0,"194":0,"195":0,"196":0,"197":0,"198":0,"199":0,"200":0,"201":0,"202":0,"203":1,"204":1,"205":3,"206":3,"207":0,"208":0,"209":3,"210":3,"211":3,"212":3,"213":3,"214":0,"215":3,"216":0,"217":3,"218":3,"219":3,"220":3,"221":3,"222":3,"223":3,"224":3,"225":3,"226":3,"227":3,"228":3,"229":3,"230":3,"231":3,"232":3,"233":3,"234":3,"235":0,"236":0,"237":0,"238":0,"239":0,"240":0,"241":0,"242":0,"243":3,"244":1,"245":1,"246":0,"247":0,"248":0,"249":0,"250":0,"251":0,"252":0,"253":0,"254":0,"255":0,"256":0,"257":0,"258":0,"259":0,"260":0,"261":0,"262":0,"263":0,"264":0,"265":0,"266":0,"267":0,"268":1,"269":1,"270":9,"271":9,"272":9,"273":9,"274":1,"275":1,"276":8,"277":8,"278":32,"279":8,"280":8,"281":8,"282":8,"283":8,"284":8,"285":8,"286":8,"287":8,"288":8,"289":8,"290":1,"291":1,"292":1,"293":1,"294":1,"295":1,"296":6,"297":6,"298":17,"299":57,"300":21,"301":21,"302":21,"303":21,"304":21,"305":57,"306":57,"307":20,"308":57,"309":57,"310":20,"311":57,"312":57,"313":15,"314":4,"315":6,"316":1,"317":1,"318":25,"319":25,"320":1,"321":1,"322":3,"323":3,"324":1,"325":3,"326":3,"327":1},"branchMap":{"0":{"type":"branch","line":4,"loc":{"start":{"line":4,"column":2},"end":{"line":12,"column":3}},"locations":[{"start":{"line":4,"column":2},"end":{"line":12,"column":3}}]},"1":{"type":"branch","line":13,"loc":{"start":{"line":13,"column":2},"end":{"line":40,"column":3}},"locations":[{"start":{"line":13,"column":2},"end":{"line":40,"column":3}}]},"2":{"type":"branch","line":14,"loc":{"start":{"line":14,"column":34},"end":{"line":16,"column":5}},"locations":[{"start":{"line":14,"column":34},"end":{"line":16,"column":5}}]},"3":{"type":"branch","line":16,"loc":{"start":{"line":16,"column":4},"end":{"line":17,"column":35}},"locations":[{"start":{"line":16,"column":4},"end":{"line":17,"column":35}}]},"4":{"type":"branch","line":17,"loc":{"start":{"line":17,"column":35},"end":{"line":19,"column":5}},"locations":[{"start":{"line":17,"column":35},"end":{"line":19,"column":5}}]},"5":{"type":"branch","line":19,"loc":{"start":{"line":19,"column":4},"end":{"line":27,"column":35}},"locations":[{"start":{"line":19,"column":4},"end":{"line":27,"column":35}}]},"6":{"type":"branch","line":27,"loc":{"start":{"line":27,"column":35},"end":{"line":31,"column":5}},"locations":[{"start":{"line":27,"column":35},"end":{"line":31,"column":5}}]},"7":{"type":"branch","line":31,"loc":{"start":{"line":31,"column":4},"end":{"line":40,"column":2}},"locations":[{"start":{"line":31,"column":4},"end":{"line":40,"column":2}}]},"8":{"type":"branch","line":42,"loc":{"start":{"line":42,"column":2},"end":{"line":44,"column":3}},"locations":[{"start":{"line":42,"column":2},"end":{"line":44,"column":3}}]},"9":{"type":"branch","line":43,"loc":{"start":{"line":43,"column":29},"end":{"line":43,"column":63}},"locations":[{"start":{"line":43,"column":29},"end":{"line":43,"column":63}}]},"10":{"type":"branch","line":45,"loc":{"start":{"line":45,"column":2},"end":{"line":61,"column":3}},"locations":[{"start":{"line":45,"column":2},"end":{"line":61,"column":3}}]},"11":{"type":"branch","line":46,"loc":{"start":{"line":46,"column":36},"end":{"line":48,"column":5}},"locations":[{"start":{"line":46,"column":36},"end":{"line":48,"column":5}}]},"12":{"type":"branch","line":48,"loc":{"start":{"line":48,"column":4},"end":{"line":50,"column":35}},"locations":[{"start":{"line":48,"column":4},"end":{"line":50,"column":35}}]},"13":{"type":"branch","line":50,"loc":{"start":{"line":50,"column":35},"end":{"line":56,"column":5}},"locations":[{"start":{"line":50,"column":35},"end":{"line":56,"column":5}}]},"14":{"type":"branch","line":56,"loc":{"start":{"line":56,"column":4},"end":{"line":61,"column":2}},"locations":[{"start":{"line":56,"column":4},"end":{"line":61,"column":2}}]},"15":{"type":"branch","line":49,"loc":{"start":{"line":49,"column":39},"end":{"line":49,"column":73}},"locations":[{"start":{"line":49,"column":39},"end":{"line":49,"column":73}}]},"16":{"type":"branch","line":63,"loc":{"start":{"line":63,"column":2},"end":{"line":65,"column":3}},"locations":[{"start":{"line":63,"column":2},"end":{"line":65,"column":3}}]},"17":{"type":"branch","line":64,"loc":{"start":{"line":64,"column":29},"end":{"line":64,"column":63}},"locations":[{"start":{"line":64,"column":29},"end":{"line":64,"column":63}}]},"18":{"type":"branch","line":67,"loc":{"start":{"line":67,"column":2},"end":{"line":81,"column":3}},"locations":[{"start":{"line":67,"column":2},"end":{"line":81,"column":3}}]},"19":{"type":"branch","line":69,"loc":{"start":{"line":69,"column":39},"end":{"line":75,"column":5}},"locations":[{"start":{"line":69,"column":39},"end":{"line":75,"column":5}}]},"20":{"type":"branch","line":70,"loc":{"start":{"line":70,"column":19},"end":{"line":70,"column":28}},"locations":[{"start":{"line":70,"column":19},"end":{"line":70,"column":28}}]},"21":{"type":"branch","line":83,"loc":{"start":{"line":83,"column":2},"end":{"line":102,"column":3}},"locations":[{"start":{"line":83,"column":2},"end":{"line":102,"column":3}}]},"22":{"type":"branch","line":91,"loc":{"start":{"line":91,"column":19},"end":{"line":91,"column":28}},"locations":[{"start":{"line":91,"column":19},"end":{"line":91,"column":28}}]},"23":{"type":"branch","line":103,"loc":{"start":{"line":103,"column":2},"end":{"line":114,"column":3}},"locations":[{"start":{"line":103,"column":2},"end":{"line":114,"column":3}}]},"24":{"type":"branch","line":104,"loc":{"start":{"line":104,"column":25},"end":{"line":104,"column":56}},"locations":[{"start":{"line":104,"column":25},"end":{"line":104,"column":56}}]},"25":{"type":"branch","line":105,"loc":{"start":{"line":105,"column":34},"end":{"line":113,"column":5}},"locations":[{"start":{"line":105,"column":34},"end":{"line":113,"column":5}}]},"26":{"type":"branch","line":106,"loc":{"start":{"line":106,"column":41},"end":{"line":112,"column":7}},"locations":[{"start":{"line":106,"column":41},"end":{"line":112,"column":7}}]},"27":{"type":"branch","line":107,"loc":{"start":{"line":107,"column":38},"end":{"line":109,"column":9}},"locations":[{"start":{"line":107,"column":38},"end":{"line":109,"column":9}}]},"28":{"type":"branch","line":205,"loc":{"start":{"line":205,"column":2},"end":{"line":244,"column":3}},"locations":[{"start":{"line":205,"column":2},"end":{"line":244,"column":3}}]},"29":{"type":"branch","line":207,"loc":{"start":{"line":207,"column":45},"end":{"line":209,"column":5}},"locations":[{"start":{"line":207,"column":45},"end":{"line":209,"column":5}}]},"30":{"type":"branch","line":214,"loc":{"start":{"line":214,"column":30},"end":{"line":216,"column":5}},"locations":[{"start":{"line":214,"column":30},"end":{"line":216,"column":5}}]},"31":{"type":"branch","line":216,"loc":{"start":{"line":216,"column":38},"end":{"line":218,"column":5}},"locations":[{"start":{"line":216,"column":38},"end":{"line":218,"column":5}}]},"32":{"type":"branch","line":235,"loc":{"start":{"line":235,"column":4},"end":{"line":243,"column":5}},"locations":[{"start":{"line":235,"column":4},"end":{"line":243,"column":5}}]},"33":{"type":"branch","line":270,"loc":{"start":{"line":270,"column":2},"end":{"line":274,"column":3}},"locations":[{"start":{"line":270,"column":2},"end":{"line":274,"column":3}}]},"34":{"type":"branch","line":276,"loc":{"start":{"line":276,"column":2},"end":{"line":290,"column":3}},"locations":[{"start":{"line":276,"column":2},"end":{"line":290,"column":3}}]},"35":{"type":"branch","line":278,"loc":{"start":{"line":278,"column":40},"end":{"line":279,"column":46}},"locations":[{"start":{"line":278,"column":40},"end":{"line":279,"column":46}}]},"36":{"type":"branch","line":279,"loc":{"start":{"line":279,"column":14},"end":{"line":279,"column":45}},"locations":[{"start":{"line":279,"column":14},"end":{"line":279,"column":45}}]},"37":{"type":"branch","line":279,"loc":{"start":{"line":279,"column":30},"end":{"line":279,"column":40}},"locations":[{"start":{"line":279,"column":30},"end":{"line":279,"column":40}}]},"38":{"type":"branch","line":279,"loc":{"start":{"line":279,"column":41},"end":{"line":279,"column":44}},"locations":[{"start":{"line":279,"column":41},"end":{"line":279,"column":44}}]},"39":{"type":"branch","line":292,"loc":{"start":{"line":292,"column":2},"end":{"line":294,"column":3}},"locations":[{"start":{"line":292,"column":2},"end":{"line":294,"column":3}}]},"40":{"type":"branch","line":293,"loc":{"start":{"line":293,"column":24},"end":{"line":293,"column":78}},"locations":[{"start":{"line":293,"column":24},"end":{"line":293,"column":78}}]},"41":{"type":"branch","line":293,"loc":{"start":{"line":293,"column":48},"end":{"line":293,"column":67}},"locations":[{"start":{"line":293,"column":48},"end":{"line":293,"column":67}}]},"42":{"type":"branch","line":296,"loc":{"start":{"line":296,"column":2},"end":{"line":316,"column":3}},"locations":[{"start":{"line":296,"column":2},"end":{"line":316,"column":3}}]},"43":{"type":"branch","line":298,"loc":{"start":{"line":298,"column":50},"end":{"line":314,"column":5}},"locations":[{"start":{"line":298,"column":50},"end":{"line":314,"column":5}}]},"44":{"type":"branch","line":299,"loc":{"start":{"line":299,"column":57},"end":{"line":313,"column":7}},"locations":[{"start":{"line":299,"column":57},"end":{"line":313,"column":7}}]},"45":{"type":"branch","line":300,"loc":{"start":{"line":300,"column":31},"end":{"line":300,"column":40}},"locations":[{"start":{"line":300,"column":31},"end":{"line":300,"column":40}}]},"46":{"type":"branch","line":300,"loc":{"start":{"line":300,"column":40},"end":{"line":306,"column":31}},"locations":[{"start":{"line":300,"column":40},"end":{"line":306,"column":31}}]},"47":{"type":"branch","line":306,"loc":{"start":{"line":306,"column":32},"end":{"line":307,"column":22}},"locations":[{"start":{"line":306,"column":32},"end":{"line":307,"column":22}}]},"48":{"type":"branch","line":307,"loc":{"start":{"line":307,"column":23},"end":{"line":308,"column":31}},"locations":[{"start":{"line":307,"column":23},"end":{"line":308,"column":31}}]},"49":{"type":"branch","line":310,"loc":{"start":{"line":310,"column":10},"end":{"line":310,"column":23}},"locations":[{"start":{"line":310,"column":10},"end":{"line":310,"column":23}}]},"50":{"type":"branch","line":310,"loc":{"start":{"line":310,"column":23},"end":{"line":312,"column":48}},"locations":[{"start":{"line":310,"column":23},"end":{"line":312,"column":48}}]},"51":{"type":"branch","line":312,"loc":{"start":{"line":312,"column":48},"end":{"line":312,"column":61}},"locations":[{"start":{"line":312,"column":48},"end":{"line":312,"column":61}}]},"52":{"type":"branch","line":313,"loc":{"start":{"line":313,"column":6},"end":{"line":314,"column":5}},"locations":[{"start":{"line":313,"column":6},"end":{"line":314,"column":5}}]},"53":{"type":"branch","line":314,"loc":{"start":{"line":314,"column":4},"end":{"line":316,"column":2}},"locations":[{"start":{"line":314,"column":4},"end":{"line":316,"column":2}}]},"54":{"type":"branch","line":318,"loc":{"start":{"line":318,"column":2},"end":{"line":320,"column":3}},"locations":[{"start":{"line":318,"column":2},"end":{"line":320,"column":3}}]},"55":{"type":"branch","line":319,"loc":{"start":{"line":319,"column":45},"end":{"line":319,"column":78}},"locations":[{"start":{"line":319,"column":45},"end":{"line":319,"column":78}}]},"56":{"type":"branch","line":322,"loc":{"start":{"line":322,"column":2},"end":{"line":324,"column":3}},"locations":[{"start":{"line":322,"column":2},"end":{"line":324,"column":3}}]},"57":{"type":"branch","line":325,"loc":{"start":{"line":325,"column":2},"end":{"line":327,"column":3}},"locations":[{"start":{"line":325,"column":2},"end":{"line":327,"column":3}}]}},"b":{"0":[22],"1":[19],"2":[1],"3":[18],"4":[1],"5":[17],"6":[5],"7":[17],"8":[23],"9":[11],"10":[3],"11":[1],"12":[2],"13":[1],"14":[2],"15":[3],"16":[5],"17":[5],"18":[2],"19":[3],"20":[0],"21":[1],"22":[0],"23":[2],"24":[0],"25":[2],"26":[3],"27":[0],"28":[3],"29":[0],"30":[0],"31":[0],"32":[0],"33":[9],"34":[8],"35":[32],"36":[128],"37":[32],"38":[96],"39":[1],"40":[3],"41":[9],"42":[6],"43":[17],"44":[57],"45":[36],"46":[21],"47":[21],"48":[20],"49":[1],"50":[20],"51":[1],"52":[15],"53":[4],"54":[25],"55":[500],"56":[3],"57":[3]},"fnMap":{"0":{"name":"Game","decl":{"start":{"line":4,"column":2},"end":{"line":12,"column":3}},"loc":{"start":{"line":4,"column":2},"end":{"line":12,"column":3}},"line":4},"1":{"name":"addPlayer","decl":{"start":{"line":13,"column":2},"end":{"line":40,"column":3}},"loc":{"start":{"line":13,"column":2},"end":{"line":40,"column":3}},"line":13},"2":{"name":"havePlayer","decl":{"start":{"line":42,"column":2},"end":{"line":44,"column":3}},"loc":{"start":{"line":42,"column":2},"end":{"line":44,"column":3}},"line":42},"3":{"name":"removePlayer","decl":{"start":{"line":45,"column":2},"end":{"line":61,"column":3}},"loc":{"start":{"line":45,"column":2},"end":{"line":61,"column":3}},"line":45},"4":{"name":"getPlayer","decl":{"start":{"line":63,"column":2},"end":{"line":65,"column":3}},"loc":{"start":{"line":63,"column":2},"end":{"line":65,"column":3}},"line":63},"5":{"name":"start","decl":{"start":{"line":67,"column":2},"end":{"line":81,"column":3}},"loc":{"start":{"line":67,"column":2},"end":{"line":81,"column":3}},"line":67},"6":{"name":"reset","decl":{"start":{"line":83,"column":2},"end":{"line":102,"column":3}},"loc":{"start":{"line":83,"column":2},"end":{"line":102,"column":3}},"line":83},"7":{"name":"gameLoop","decl":{"start":{"line":103,"column":2},"end":{"line":114,"column":3}},"loc":{"start":{"line":103,"column":2},"end":{"line":114,"column":3}},"line":103},"8":{"name":"placeTetromino","decl":{"start":{"line":116,"column":2},"end":{"line":135,"column":3}},"loc":{"start":{"line":116,"column":2},"end":{"line":135,"column":3}},"line":116},"9":{"name":"clearLines","decl":{"start":{"line":136,"column":2},"end":{"line":160,"column":3}},"loc":{"start":{"line":136,"column":2},"end":{"line":160,"column":3}},"line":136},"10":{"name":"spawnTetromino","decl":{"start":{"line":162,"column":2},"end":{"line":182,"column":3}},"loc":{"start":{"line":162,"column":2},"end":{"line":182,"column":3}},"line":162},"11":{"name":"rotateTetromino","decl":{"start":{"line":184,"column":2},"end":{"line":203,"column":3}},"loc":{"start":{"line":184,"column":2},"end":{"line":203,"column":3}},"line":184},"12":{"name":"moveTetromino","decl":{"start":{"line":205,"column":2},"end":{"line":244,"column":3}},"loc":{"start":{"line":205,"column":2},"end":{"line":244,"column":3}},"line":205},"13":{"name":"dropTetromino","decl":{"start":{"line":246,"column":2},"end":{"line":268,"column":3}},"loc":{"start":{"line":246,"column":2},"end":{"line":268,"column":3}},"line":246},"14":{"name":"getRandomShape","decl":{"start":{"line":270,"column":2},"end":{"line":274,"column":3}},"loc":{"start":{"line":270,"column":2},"end":{"line":274,"column":3}},"line":270},"15":{"name":"getRandomTetromino","decl":{"start":{"line":276,"column":2},"end":{"line":290,"column":3}},"loc":{"start":{"line":276,"column":2},"end":{"line":290,"column":3}},"line":276},"16":{"name":"rotateShape","decl":{"start":{"line":292,"column":2},"end":{"line":294,"column":3}},"loc":{"start":{"line":292,"column":2},"end":{"line":294,"column":3}},"line":292},"17":{"name":"isValidMove","decl":{"start":{"line":296,"column":2},"end":{"line":316,"column":3}},"loc":{"start":{"line":296,"column":2},"end":{"line":316,"column":3}},"line":296},"18":{"name":"creatEmptyBoard","decl":{"start":{"line":318,"column":2},"end":{"line":320,"column":3}},"loc":{"start":{"line":318,"column":2},"end":{"line":320,"column":3}},"line":318},"19":{"name":"isFull","decl":{"start":{"line":322,"column":2},"end":{"line":324,"column":3}},"loc":{"start":{"line":322,"column":2},"end":{"line":324,"column":3}},"line":322},"20":{"name":"isEmpty","decl":{"start":{"line":325,"column":2},"end":{"line":327,"column":3}},"loc":{"start":{"line":325,"column":2},"end":{"line":327,"column":3}},"line":325}},"f":{"0":22,"1":19,"2":23,"3":3,"4":5,"5":2,"6":1,"7":2,"8":0,"9":0,"10":0,"11":0,"12":3,"13":0,"14":9,"15":8,"16":1,"17":6,"18":25,"19":3,"20":3}}
,"/Users/oussama/Desktop/leet/b2/server/src/services/gameService.mjs": {"path":"/Users/oussama/Desktop/leet/b2/server/src/services/gameService.mjs","all":false,"statementMap":{"0":{"start":{"line":1,"column":0},"end":{"line":1,"column":3}},"1":{"start":{"line":2,"column":0},"end":{"line":2,"column":41}},"2":{"start":{"line":3,"column":0},"end":{"line":3,"column":3}},"3":{"start":{"line":4,"column":0},"end":{"line":4,"column":0}},"4":{"start":{"line":5,"column":0},"end":{"line":5,"column":35}},"5":{"start":{"line":6,"column":0},"end":{"line":6,"column":24}},"6":{"start":{"line":7,"column":0},"end":{"line":7,"column":0}},"7":{"start":{"line":8,"column":0},"end":{"line":8,"column":3}},"8":{"start":{"line":9,"column":0},"end":{"line":9,"column":59}},"9":{"start":{"line":10,"column":0},"end":{"line":10,"column":58}},"10":{"start":{"line":11,"column":0},"end":{"line":11,"column":67}},"11":{"start":{"line":12,"column":0},"end":{"line":12,"column":46}},"12":{"start":{"line":13,"column":0},"end":{"line":13,"column":3}},"13":{"start":{"line":14,"column":0},"end":{"line":14,"column":53}},"14":{"start":{"line":15,"column":0},"end":{"line":15,"column":33}},"15":{"start":{"line":16,"column":0},"end":{"line":16,"column":63}},"16":{"start":{"line":17,"column":0},"end":{"line":17,"column":3}},"17":{"start":{"line":18,"column":0},"end":{"line":18,"column":0}},"18":{"start":{"line":19,"column":0},"end":{"line":19,"column":26}},"19":{"start":{"line":20,"column":0},"end":{"line":20,"column":61}},"20":{"start":{"line":21,"column":0},"end":{"line":21,"column":3}},"21":{"start":{"line":22,"column":0},"end":{"line":22,"column":0}},"22":{"start":{"line":23,"column":0},"end":{"line":23,"column":16}},"23":{"start":{"line":24,"column":0},"end":{"line":24,"column":15}},"24":{"start":{"line":25,"column":0},"end":{"line":25,"column":23}},"25":{"start":{"line":26,"column":0},"end":{"line":26,"column":15}},"26":{"start":{"line":27,"column":0},"end":{"line":27,"column":23}},"27":{"start":{"line":28,"column":0},"end":{"line":28,"column":15}},"28":{"start":{"line":29,"column":0},"end":{"line":29,"column":19}},"29":{"start":{"line":30,"column":0},"end":{"line":30,"column":58}},"30":{"start":{"line":31,"column":0},"end":{"line":31,"column":7}},"31":{"start":{"line":32,"column":0},"end":{"line":32,"column":52}},"32":{"start":{"line":33,"column":0},"end":{"line":33,"column":20}},"33":{"start":{"line":34,"column":0},"end":{"line":34,"column":18}},"34":{"start":{"line":35,"column":0},"end":{"line":35,"column":4}},"35":{"start":{"line":36,"column":0},"end":{"line":36,"column":0}},"36":{"start":{"line":37,"column":0},"end":{"line":37,"column":26}},"37":{"start":{"line":38,"column":0},"end":{"line":38,"column":14}},"38":{"start":{"line":39,"column":0},"end":{"line":39,"column":2}},"39":{"start":{"line":40,"column":0},"end":{"line":40,"column":0}},"40":{"start":{"line":41,"column":0},"end":{"line":41,"column":3}},"41":{"start":{"line":42,"column":0},"end":{"line":42,"column":25}},"42":{"start":{"line":43,"column":0},"end":{"line":43,"column":50}},"43":{"start":{"line":44,"column":0},"end":{"line":44,"column":62}},"44":{"start":{"line":45,"column":0},"end":{"line":45,"column":3}},"45":{"start":{"line":46,"column":0},"end":{"line":46,"column":37}},"46":{"start":{"line":47,"column":0},"end":{"line":47,"column":27}},"47":{"start":{"line":48,"column":0},"end":{"line":48,"column":35}},"48":{"start":{"line":49,"column":0},"end":{"line":49,"column":2}},"49":{"start":{"line":50,"column":0},"end":{"line":50,"column":0}},"50":{"start":{"line":51,"column":0},"end":{"line":51,"column":3}},"51":{"start":{"line":52,"column":0},"end":{"line":52,"column":36}},"52":{"start":{"line":53,"column":0},"end":{"line":53,"column":50}},"53":{"start":{"line":54,"column":0},"end":{"line":54,"column":54}},"54":{"start":{"line":55,"column":0},"end":{"line":55,"column":40}},"55":{"start":{"line":56,"column":0},"end":{"line":56,"column":3}},"56":{"start":{"line":57,"column":0},"end":{"line":57,"column":47}},"57":{"start":{"line":58,"column":0},"end":{"line":58,"column":32}},"58":{"start":{"line":59,"column":0},"end":{"line":59,"column":2}},"59":{"start":{"line":60,"column":0},"end":{"line":60,"column":14}},"60":{"start":{"line":61,"column":0},"end":{"line":61,"column":56}},"61":{"start":{"line":62,"column":0},"end":{"line":62,"column":3}},"62":{"start":{"line":63,"column":0},"end":{"line":63,"column":2}},"63":{"start":{"line":64,"column":0},"end":{"line":64,"column":34}},"64":{"start":{"line":65,"column":0},"end":{"line":65,"column":82}},"65":{"start":{"line":66,"column":0},"end":{"line":66,"column":3}},"66":{"start":{"line":67,"column":0},"end":{"line":67,"column":2}},"67":{"start":{"line":68,"column":0},"end":{"line":68,"column":60}},"68":{"start":{"line":69,"column":0},"end":{"line":69,"column":66}},"69":{"start":{"line":70,"column":0},"end":{"line":70,"column":3}},"70":{"start":{"line":71,"column":0},"end":{"line":71,"column":2}},"71":{"start":{"line":72,"column":0},"end":{"line":72,"column":21}},"72":{"start":{"line":73,"column":0},"end":{"line":73,"column":17}},"73":{"start":{"line":74,"column":0},"end":{"line":74,"column":13}},"74":{"start":{"line":75,"column":0},"end":{"line":75,"column":17}},"75":{"start":{"line":76,"column":0},"end":{"line":76,"column":56}},"76":{"start":{"line":77,"column":0},"end":{"line":77,"column":5}},"77":{"start":{"line":78,"column":0},"end":{"line":78,"column":2}},"78":{"start":{"line":79,"column":0},"end":{"line":79,"column":14}},"79":{"start":{"line":80,"column":0},"end":{"line":80,"column":2}},"80":{"start":{"line":81,"column":0},"end":{"line":81,"column":0}},"81":{"start":{"line":82,"column":0},"end":{"line":82,"column":3}},"82":{"start":{"line":83,"column":0},"end":{"line":83,"column":24}},"83":{"start":{"line":84,"column":0},"end":{"line":84,"column":41}},"84":{"start":{"line":85,"column":0},"end":{"line":85,"column":3}},"85":{"start":{"line":86,"column":0},"end":{"line":86,"column":34}},"86":{"start":{"line":87,"column":0},"end":{"line":87,"column":36}},"87":{"start":{"line":88,"column":0},"end":{"line":88,"column":2}},"88":{"start":{"line":89,"column":0},"end":{"line":89,"column":0}},"89":{"start":{"line":90,"column":0},"end":{"line":90,"column":3}},"90":{"start":{"line":91,"column":0},"end":{"line":91,"column":41}},"91":{"start":{"line":92,"column":0},"end":{"line":92,"column":42}},"92":{"start":{"line":93,"column":0},"end":{"line":93,"column":46}},"93":{"start":{"line":94,"column":0},"end":{"line":94,"column":40}},"94":{"start":{"line":95,"column":0},"end":{"line":95,"column":40}},"95":{"start":{"line":96,"column":0},"end":{"line":96,"column":3}},"96":{"start":{"line":97,"column":0},"end":{"line":97,"column":60}},"97":{"start":{"line":98,"column":0},"end":{"line":98,"column":32}},"98":{"start":{"line":99,"column":0},"end":{"line":99,"column":2}},"99":{"start":{"line":100,"column":0},"end":{"line":100,"column":14}},"100":{"start":{"line":101,"column":0},"end":{"line":101,"column":56}},"101":{"start":{"line":102,"column":0},"end":{"line":102,"column":3}},"102":{"start":{"line":103,"column":0},"end":{"line":103,"column":2}},"103":{"start":{"line":104,"column":0},"end":{"line":104,"column":59}},"104":{"start":{"line":105,"column":0},"end":{"line":105,"column":16}},"105":{"start":{"line":106,"column":0},"end":{"line":106,"column":70}},"106":{"start":{"line":107,"column":0},"end":{"line":107,"column":3}},"107":{"start":{"line":108,"column":0},"end":{"line":108,"column":2}},"108":{"start":{"line":109,"column":0},"end":{"line":109,"column":23}},"109":{"start":{"line":110,"column":0},"end":{"line":110,"column":2}},"110":{"start":{"line":111,"column":0},"end":{"line":111,"column":45}},"111":{"start":{"line":112,"column":0},"end":{"line":112,"column":69}},"112":{"start":{"line":113,"column":0},"end":{"line":113,"column":28}},"113":{"start":{"line":114,"column":0},"end":{"line":114,"column":32}},"114":{"start":{"line":115,"column":0},"end":{"line":115,"column":3}},"115":{"start":{"line":116,"column":0},"end":{"line":116,"column":2}},"116":{"start":{"line":117,"column":0},"end":{"line":117,"column":14}},"117":{"start":{"line":118,"column":0},"end":{"line":118,"column":2}}},"s":{"0":1,"1":1,"2":1,"3":1,"4":1,"5":1,"6":1,"7":1,"8":1,"9":1,"10":1,"11":1,"12":1,"13":1,"14":10,"15":2,"16":2,"17":8,"18":10,"19":1,"20":1,"21":7,"22":7,"23":7,"24":7,"25":7,"26":7,"27":7,"28":7,"29":7,"30":7,"31":7,"32":7,"33":7,"34":7,"35":7,"36":7,"37":7,"38":7,"39":1,"40":1,"41":1,"42":1,"43":1,"44":1,"45":1,"46":11,"47":11,"48":11,"49":1,"50":1,"51":1,"52":1,"53":1,"54":1,"55":1,"56":1,"57":4,"58":4,"59":4,"60":1,"61":1,"62":3,"63":4,"64":0,"65":0,"66":3,"67":4,"68":1,"69":1,"70":2,"71":2,"72":2,"73":2,"74":2,"75":2,"76":2,"77":2,"78":2,"79":2,"80":1,"81":1,"82":1,"83":1,"84":1,"85":1,"86":10,"87":10,"88":1,"89":1,"90":1,"91":1,"92":1,"93":1,"94":1,"95":1,"96":1,"97":3,"98":3,"99":3,"100":0,"101":0,"102":3,"103":3,"104":3,"105":0,"106":0,"107":3,"108":3,"109":3,"110":3,"111":3,"112":1,"113":1,"114":1,"115":3,"116":3,"117":3},"branchMap":{"0":{"type":"branch","line":14,"loc":{"start":{"line":14,"column":26},"end":{"line":39,"column":2}},"locations":[{"start":{"line":14,"column":26},"end":{"line":39,"column":2}}]},"1":{"type":"branch","line":15,"loc":{"start":{"line":15,"column":14},"end":{"line":15,"column":30}},"locations":[{"start":{"line":15,"column":14},"end":{"line":15,"column":30}}]},"2":{"type":"branch","line":15,"loc":{"start":{"line":15,"column":32},"end":{"line":17,"column":3}},"locations":[{"start":{"line":15,"column":32},"end":{"line":17,"column":3}}]},"3":{"type":"branch","line":17,"loc":{"start":{"line":17,"column":2},"end":{"line":19,"column":25}},"locations":[{"start":{"line":17,"column":2},"end":{"line":19,"column":25}}]},"4":{"type":"branch","line":19,"loc":{"start":{"line":19,"column":25},"end":{"line":21,"column":3}},"locations":[{"start":{"line":19,"column":25},"end":{"line":21,"column":3}}]},"5":{"type":"branch","line":21,"loc":{"start":{"line":21,"column":2},"end":{"line":39,"column":2}},"locations":[{"start":{"line":21,"column":2},"end":{"line":39,"column":2}}]},"6":{"type":"branch","line":30,"loc":{"start":{"line":30,"column":34},"end":{"line":30,"column":57}},"locations":[{"start":{"line":30,"column":34},"end":{"line":30,"column":57}}]},"7":{"type":"branch","line":46,"loc":{"start":{"line":46,"column":24},"end":{"line":49,"column":2}},"locations":[{"start":{"line":46,"column":24},"end":{"line":49,"column":2}}]},"8":{"type":"branch","line":47,"loc":{"start":{"line":47,"column":15},"end":{"line":47,"column":27}},"locations":[{"start":{"line":47,"column":15},"end":{"line":47,"column":27}}]},"9":{"type":"branch","line":48,"loc":{"start":{"line":48,"column":27},"end":{"line":48,"column":34}},"locations":[{"start":{"line":48,"column":27},"end":{"line":48,"column":34}}]},"10":{"type":"branch","line":57,"loc":{"start":{"line":57,"column":24},"end":{"line":80,"column":2}},"locations":[{"start":{"line":57,"column":24},"end":{"line":80,"column":2}}]},"11":{"type":"branch","line":60,"loc":{"start":{"line":60,"column":13},"end":{"line":62,"column":3}},"locations":[{"start":{"line":60,"column":13},"end":{"line":62,"column":3}}]},"12":{"type":"branch","line":62,"loc":{"start":{"line":62,"column":2},"end":{"line":64,"column":33}},"locations":[{"start":{"line":62,"column":2},"end":{"line":64,"column":33}}]},"13":{"type":"branch","line":64,"loc":{"start":{"line":64,"column":33},"end":{"line":66,"column":3}},"locations":[{"start":{"line":64,"column":33},"end":{"line":66,"column":3}}]},"14":{"type":"branch","line":66,"loc":{"start":{"line":66,"column":2},"end":{"line":68,"column":59}},"locations":[{"start":{"line":66,"column":2},"end":{"line":68,"column":59}}]},"15":{"type":"branch","line":68,"loc":{"start":{"line":68,"column":59},"end":{"line":70,"column":3}},"locations":[{"start":{"line":68,"column":59},"end":{"line":70,"column":3}}]},"16":{"type":"branch","line":70,"loc":{"start":{"line":70,"column":2},"end":{"line":80,"column":2}},"locations":[{"start":{"line":70,"column":2},"end":{"line":80,"column":2}}]},"17":{"type":"branch","line":68,"loc":{"start":{"line":68,"column":24},"end":{"line":68,"column":56}},"locations":[{"start":{"line":68,"column":24},"end":{"line":68,"column":56}}]},"18":{"type":"branch","line":76,"loc":{"start":{"line":76,"column":32},"end":{"line":76,"column":55}},"locations":[{"start":{"line":76,"column":32},"end":{"line":76,"column":55}}]},"19":{"type":"branch","line":86,"loc":{"start":{"line":86,"column":27},"end":{"line":88,"column":2}},"locations":[{"start":{"line":86,"column":27},"end":{"line":88,"column":2}}]},"20":{"type":"branch","line":97,"loc":{"start":{"line":97,"column":30},"end":{"line":118,"column":2}},"locations":[{"start":{"line":97,"column":30},"end":{"line":118,"column":2}}]},"21":{"type":"branch","line":100,"loc":{"start":{"line":100,"column":13},"end":{"line":102,"column":3}},"locations":[{"start":{"line":100,"column":13},"end":{"line":102,"column":3}}]},"22":{"type":"branch","line":105,"loc":{"start":{"line":105,"column":15},"end":{"line":107,"column":3}},"locations":[{"start":{"line":105,"column":15},"end":{"line":107,"column":3}}]},"23":{"type":"branch","line":112,"loc":{"start":{"line":112,"column":31},"end":{"line":112,"column":66}},"locations":[{"start":{"line":112,"column":31},"end":{"line":112,"column":66}}]},"24":{"type":"branch","line":112,"loc":{"start":{"line":112,"column":68},"end":{"line":115,"column":3}},"locations":[{"start":{"line":112,"column":68},"end":{"line":115,"column":3}}]},"25":{"type":"branch","line":104,"loc":{"start":{"line":104,"column":35},"end":{"line":104,"column":57}},"locations":[{"start":{"line":104,"column":35},"end":{"line":104,"column":57}}]},"26":{"type":"branch","line":112,"loc":{"start":{"line":112,"column":53},"end":{"line":112,"column":65}},"locations":[{"start":{"line":112,"column":53},"end":{"line":112,"column":65}}]}},"b":{"0":[10],"1":[9],"2":[2],"3":[8],"4":[1],"5":[7],"6":[140],"7":[11],"8":[0],"9":[2],"10":[4],"11":[1],"12":[3],"13":[0],"14":[3],"15":[1],"16":[2],"17":[3],"18":[40],"19":[10],"20":[3],"21":[0],"22":[0],"23":[2],"24":[1],"25":[4],"26":[4]},"fnMap":{"0":{"name":"createGame","decl":{"start":{"line":14,"column":26},"end":{"line":39,"column":2}},"loc":{"start":{"line":14,"column":26},"end":{"line":39,"column":2}},"line":14},"1":{"name":"findGame","decl":{"start":{"line":46,"column":24},"end":{"line":49,"column":2}},"loc":{"start":{"line":46,"column":24},"end":{"line":49,"column":2}},"line":46},"2":{"name":"joinGame","decl":{"start":{"line":57,"column":24},"end":{"line":80,"column":2}},"loc":{"start":{"line":57,"column":24},"end":{"line":80,"column":2}},"line":57},"3":{"name":"getAllGames","decl":{"start":{"line":86,"column":27},"end":{"line":88,"column":2}},"loc":{"start":{"line":86,"column":27},"end":{"line":88,"column":2}},"line":86},"4":{"name":"setPlayerReady","decl":{"start":{"line":97,"column":30},"end":{"line":118,"column":2}},"loc":{"start":{"line":97,"column":30},"end":{"line":118,"column":2}},"line":97}},"f":{"0":10,"1":11,"2":4,"3":10,"4":3}}
}
