{"/Users/oussama/Desktop/leet/b2/client/src/main.jsx": {"path":"/Users/oussama/Desktop/leet/b2/client/src/main.jsx","all":true,"statementMap":{"0":{"start":{"line":1,"column":0},"end":{"line":1,"column":35}},"1":{"start":{"line":2,"column":0},"end":{"line":2,"column":46}},"2":{"start":{"line":3,"column":0},"end":{"line":3,"column":39}},"3":{"start":{"line":4,"column":0},"end":{"line":4,"column":22}},"4":{"start":{"line":5,"column":0},"end":{"line":5,"column":36}},"5":{"start":{"line":6,"column":0},"end":{"line":6,"column":32}},"6":{"start":{"line":7,"column":0},"end":{"line":7,"column":0}},"7":{"start":{"line":8,"column":0},"end":{"line":8,"column":51}},"8":{"start":{"line":9,"column":0},"end":{"line":9,"column":14}},"9":{"start":{"line":10,"column":0},"end":{"line":10,"column":28}},"10":{"start":{"line":11,"column":0},"end":{"line":11,"column":16}},"11":{"start":{"line":12,"column":0},"end":{"line":12,"column":15}},"12":{"start":{"line":13,"column":0},"end":{"line":13,"column":15}},"13":{"start":{"line":14,"column":0},"end":{"line":14,"column":2}}},"s":{"0":0,"1":0,"2":0,"3":0,"4":0,"5":0,"6":0,"7":0,"8":0,"9":0,"10":0,"11":0,"12":0,"13":0},"branchMap":{"0":{"type":"branch","line":1,"loc":{"start":{"line":1,"column":364},"end":{"line":14,"column":2}},"locations":[{"start":{"line":1,"column":364},"end":{"line":14,"column":2}}]}},"b":{"0":[0]},"fnMap":{"0":{"name":"(empty-report)","decl":{"start":{"line":1,"column":364},"end":{"line":14,"column":2}},"loc":{"start":{"line":1,"column":364},"end":{"line":14,"column":2}},"line":1}},"f":{"0":0}}
,"/Users/oussama/Desktop/leet/b2/client/src/components/socket-config/SocketContext.jsx": {"path":"/Users/oussama/Desktop/leet/b2/client/src/components/socket-config/SocketContext.jsx","all":false,"statementMap":{"0":{"start":{"line":1,"column":0},"end":{"line":1,"column":50}},"1":{"start":{"line":2,"column":0},"end":{"line":2,"column":0}},"2":{"start":{"line":3,"column":0},"end":{"line":3,"column":45}},"3":{"start":{"line":4,"column":0},"end":{"line":4,"column":49}},"4":{"start":{"line":5,"column":0},"end":{"line":5,"column":0}},"5":{"start":{"line":6,"column":0},"end":{"line":6,"column":43}},"6":{"start":{"line":7,"column":0},"end":{"line":7,"column":29}},"7":{"start":{"line":8,"column":0},"end":{"line":8,"column":44}},"8":{"start":{"line":9,"column":0},"end":{"line":9,"column":17}},"9":{"start":{"line":10,"column":0},"end":{"line":10,"column":70}},"10":{"start":{"line":11,"column":0},"end":{"line":11,"column":3}},"11":{"start":{"line":12,"column":0},"end":{"line":12,"column":17}},"12":{"start":{"line":13,"column":0},"end":{"line":13,"column":1}}},"s":{"0":1,"1":1,"2":1,"3":1,"4":1,"5":1,"6":1,"7":3,"8":3,"9":2,"10":2,"11":1,"12":1},"branchMap":{"0":{"type":"branch","line":7,"loc":{"start":{"line":7,"column":7},"end":{"line":13,"column":1}},"locations":[{"start":{"line":7,"column":7},"end":{"line":13,"column":1}}]},"1":{"type":"branch","line":9,"loc":{"start":{"line":9,"column":16},"end":{"line":11,"column":3}},"locations":[{"start":{"line":9,"column":16},"end":{"line":11,"column":3}}]},"2":{"type":"branch","line":11,"loc":{"start":{"line":11,"column":2},"end":{"line":13,"column":1}},"locations":[{"start":{"line":11,"column":2},"end":{"line":13,"column":1}}]}},"b":{"0":[3],"1":[2],"2":[1]},"fnMap":{"0":{"name":"useSocket","decl":{"start":{"line":7,"column":7},"end":{"line":13,"column":1}},"loc":{"start":{"line":7,"column":7},"end":{"line":13,"column":1}},"line":7}},"f":{"0":3}}
,"/Users/oussama/Desktop/leet/b2/client/src/components/socket-config/index.jsx": {"path":"/Users/oussama/Desktop/leet/b2/client/src/components/socket-config/index.jsx","all":false,"statementMap":{"0":{"start":{"line":1,"column":0},"end":{"line":1,"column":41}},"1":{"start":{"line":2,"column":0},"end":{"line":2,"column":38}},"2":{"start":{"line":3,"column":0},"end":{"line":3,"column":54}},"3":{"start":{"line":4,"column":0},"end":{"line":4,"column":59}},"4":{"start":{"line":5,"column":0},"end":{"line":5,"column":0}},"5":{"start":{"line":6,"column":0},"end":{"line":6,"column":49}},"6":{"start":{"line":7,"column":0},"end":{"line":7,"column":36}},"7":{"start":{"line":8,"column":0},"end":{"line":8,"column":0}},"8":{"start":{"line":9,"column":0},"end":{"line":9,"column":0}},"9":{"start":{"line":10,"column":0},"end":{"line":10,"column":30}},"10":{"start":{"line":11,"column":0},"end":{"line":11,"column":11}},"11":{"start":{"line":12,"column":0},"end":{"line":12,"column":6}},"12":{"start":{"line":13,"column":0},"end":{"line":13,"column":10}},"13":{"start":{"line":14,"column":0},"end":{"line":14,"column":0}},"14":{"start":{"line":15,"column":0},"end":{"line":15,"column":61}},"15":{"start":{"line":16,"column":0},"end":{"line":16,"column":74}},"16":{"start":{"line":17,"column":0},"end":{"line":17,"column":69}},"17":{"start":{"line":18,"column":0},"end":{"line":18,"column":61}},"18":{"start":{"line":19,"column":0},"end":{"line":19,"column":28}},"19":{"start":{"line":20,"column":0},"end":{"line":20,"column":58}},"20":{"start":{"line":21,"column":0},"end":{"line":21,"column":35}},"21":{"start":{"line":22,"column":0},"end":{"line":22,"column":62}},"22":{"start":{"line":23,"column":0},"end":{"line":23,"column":76}},"23":{"start":{"line":24,"column":0},"end":{"line":24,"column":65}},"24":{"start":{"line":25,"column":0},"end":{"line":25,"column":44}},"25":{"start":{"line":26,"column":0},"end":{"line":26,"column":23}},"26":{"start":{"line":27,"column":0},"end":{"line":27,"column":64}},"27":{"start":{"line":28,"column":0},"end":{"line":28,"column":4}},"28":{"start":{"line":29,"column":0},"end":{"line":29,"column":27}},"29":{"start":{"line":30,"column":0},"end":{"line":30,"column":13}},"30":{"start":{"line":31,"column":0},"end":{"line":31,"column":25}},"31":{"start":{"line":32,"column":0},"end":{"line":32,"column":25}},"32":{"start":{"line":33,"column":0},"end":{"line":33,"column":30}},"33":{"start":{"line":34,"column":0},"end":{"line":34,"column":30}},"34":{"start":{"line":35,"column":0},"end":{"line":35,"column":17}},"35":{"start":{"line":36,"column":0},"end":{"line":36,"column":6}},"36":{"start":{"line":37,"column":0},"end":{"line":37,"column":4}},"37":{"start":{"line":38,"column":0},"end":{"line":38,"column":0}},"38":{"start":{"line":39,"column":0},"end":{"line":39,"column":4}},"39":{"start":{"line":40,"column":0},"end":{"line":40,"column":43}},"40":{"start":{"line":41,"column":0},"end":{"line":41,"column":56}},"41":{"start":{"line":42,"column":0},"end":{"line":42,"column":0}},"42":{"start":{"line":43,"column":0},"end":{"line":43,"column":20}},"43":{"start":{"line":44,"column":0},"end":{"line":44,"column":37}},"44":{"start":{"line":45,"column":0},"end":{"line":45,"column":0}},"45":{"start":{"line":46,"column":0},"end":{"line":46,"column":9}},"46":{"start":{"line":47,"column":0},"end":{"line":47,"column":23}},"47":{"start":{"line":48,"column":0},"end":{"line":48,"column":0}},"48":{"start":{"line":49,"column":0},"end":{"line":49,"column":34}},"49":{"start":{"line":50,"column":0},"end":{"line":50,"column":29}},"50":{"start":{"line":51,"column":0},"end":{"line":51,"column":23}},"51":{"start":{"line":52,"column":0},"end":{"line":52,"column":20}},"52":{"start":{"line":53,"column":0},"end":{"line":53,"column":9}},"53":{"start":{"line":54,"column":0},"end":{"line":54,"column":0}},"54":{"start":{"line":55,"column":0},"end":{"line":55,"column":43}},"55":{"start":{"line":56,"column":0},"end":{"line":56,"column":22}},"56":{"start":{"line":57,"column":0},"end":{"line":57,"column":28}},"57":{"start":{"line":58,"column":0},"end":{"line":58,"column":9}},"58":{"start":{"line":59,"column":0},"end":{"line":59,"column":0}},"59":{"start":{"line":60,"column":0},"end":{"line":60,"column":43}},"60":{"start":{"line":61,"column":0},"end":{"line":61,"column":30}},"61":{"start":{"line":62,"column":0},"end":{"line":62,"column":29}},"62":{"start":{"line":63,"column":0},"end":{"line":63,"column":9}},"63":{"start":{"line":64,"column":0},"end":{"line":64,"column":0}},"64":{"start":{"line":65,"column":0},"end":{"line":65,"column":35}},"65":{"start":{"line":66,"column":0},"end":{"line":66,"column":22}},"66":{"start":{"line":67,"column":0},"end":{"line":67,"column":21}},"67":{"start":{"line":68,"column":0},"end":{"line":68,"column":9}},"68":{"start":{"line":69,"column":0},"end":{"line":69,"column":0}},"69":{"start":{"line":70,"column":0},"end":{"line":70,"column":42}},"70":{"start":{"line":71,"column":0},"end":{"line":71,"column":57}},"71":{"start":{"line":72,"column":0},"end":{"line":72,"column":53}},"72":{"start":{"line":73,"column":0},"end":{"line":73,"column":55}},"73":{"start":{"line":74,"column":0},"end":{"line":74,"column":32}},"74":{"start":{"line":75,"column":0},"end":{"line":75,"column":32}},"75":{"start":{"line":76,"column":0},"end":{"line":76,"column":0}},"76":{"start":{"line":77,"column":0},"end":{"line":77,"column":20}},"77":{"start":{"line":78,"column":0},"end":{"line":78,"column":30}},"78":{"start":{"line":79,"column":0},"end":{"line":79,"column":36}},"79":{"start":{"line":80,"column":0},"end":{"line":80,"column":33}},"80":{"start":{"line":81,"column":0},"end":{"line":81,"column":28}},"81":{"start":{"line":82,"column":0},"end":{"line":82,"column":32}},"82":{"start":{"line":83,"column":0},"end":{"line":83,"column":40}},"83":{"start":{"line":84,"column":0},"end":{"line":84,"column":38}},"84":{"start":{"line":85,"column":0},"end":{"line":85,"column":39}},"85":{"start":{"line":86,"column":0},"end":{"line":86,"column":27}},"86":{"start":{"line":87,"column":0},"end":{"line":87,"column":27}},"87":{"start":{"line":88,"column":0},"end":{"line":88,"column":0}},"88":{"start":{"line":89,"column":0},"end":{"line":89,"column":31}},"89":{"start":{"line":90,"column":0},"end":{"line":90,"column":30}},"90":{"start":{"line":91,"column":0},"end":{"line":91,"column":9}},"91":{"start":{"line":92,"column":0},"end":{"line":92,"column":23}},"92":{"start":{"line":93,"column":0},"end":{"line":93,"column":8}},"93":{"start":{"line":94,"column":0},"end":{"line":94,"column":19}},"94":{"start":{"line":95,"column":0},"end":{"line":95,"column":20}},"95":{"start":{"line":96,"column":0},"end":{"line":96,"column":19}},"96":{"start":{"line":97,"column":0},"end":{"line":97,"column":5}},"97":{"start":{"line":98,"column":0},"end":{"line":98,"column":5}},"98":{"start":{"line":99,"column":0},"end":{"line":99,"column":0}},"99":{"start":{"line":100,"column":0},"end":{"line":100,"column":10}},"100":{"start":{"line":101,"column":0},"end":{"line":101,"column":27}},"101":{"start":{"line":102,"column":0},"end":{"line":102,"column":14}},"102":{"start":{"line":103,"column":0},"end":{"line":103,"column":34}},"103":{"start":{"line":104,"column":0},"end":{"line":104,"column":20}},"104":{"start":{"line":105,"column":0},"end":{"line":105,"column":14}},"105":{"start":{"line":106,"column":0},"end":{"line":106,"column":8}},"106":{"start":{"line":107,"column":0},"end":{"line":107,"column":5}},"107":{"start":{"line":108,"column":0},"end":{"line":108,"column":16}},"108":{"start":{"line":109,"column":0},"end":{"line":109,"column":29}},"109":{"start":{"line":110,"column":0},"end":{"line":110,"column":4}},"110":{"start":{"line":111,"column":0},"end":{"line":111,"column":1}}},"s":{"0":1,"1":1,"2":1,"3":1,"4":1,"5":1,"6":1,"7":1,"8":1,"9":1,"10":5,"11":5,"12":5,"13":5,"14":5,"15":5,"16":5,"17":5,"18":5,"19":0,"20":5,"21":0,"22":5,"23":5,"24":5,"25":5,"26":0,"27":5,"28":5,"29":5,"30":5,"31":5,"32":5,"33":5,"34":5,"35":5,"36":5,"37":5,"38":5,"39":5,"40":5,"41":5,"42":5,"43":5,"44":5,"45":5,"46":5,"47":5,"48":5,"49":1,"50":1,"51":1,"52":5,"53":5,"54":5,"55":1,"56":1,"57":5,"58":5,"59":5,"60":1,"61":1,"62":5,"63":5,"64":5,"65":1,"66":1,"67":5,"68":5,"69":5,"70":5,"71":5,"72":5,"73":5,"74":5,"75":5,"76":5,"77":0,"78":0,"79":0,"80":0,"81":0,"82":0,"83":0,"84":0,"85":0,"86":0,"87":0,"88":0,"89":0,"90":0,"91":0,"92":0,"93":5,"94":1,"95":1,"96":1,"97":5,"98":5,"99":5,"100":5,"101":5,"102":5,"103":5,"104":5,"105":5,"106":5,"107":5,"108":5,"109":5,"110":5},"branchMap":{"0":{"type":"branch","line":10,"loc":{"start":{"line":10,"column":7},"end":{"line":111,"column":1}},"locations":[{"start":{"line":10,"column":7},"end":{"line":111,"column":1}}]},"1":{"type":"branch","line":18,"loc":{"start":{"line":18,"column":12},"end":{"line":18,"column":61}},"locations":[{"start":{"line":18,"column":12},"end":{"line":18,"column":61}}]},"2":{"type":"branch","line":43,"loc":{"start":{"line":43,"column":13},"end":{"line":98,"column":3}},"locations":[{"start":{"line":43,"column":13},"end":{"line":98,"column":3}}]},"3":{"type":"branch","line":94,"loc":{"start":{"line":94,"column":4},"end":{"line":97,"column":5}},"locations":[{"start":{"line":94,"column":4},"end":{"line":97,"column":5}}]},"4":{"type":"branch","line":49,"loc":{"start":{"line":49,"column":27},"end":{"line":53,"column":7}},"locations":[{"start":{"line":49,"column":27},"end":{"line":53,"column":7}}]},"5":{"type":"branch","line":55,"loc":{"start":{"line":55,"column":33},"end":{"line":58,"column":7}},"locations":[{"start":{"line":55,"column":33},"end":{"line":58,"column":7}}]},"6":{"type":"branch","line":60,"loc":{"start":{"line":60,"column":30},"end":{"line":63,"column":7}},"locations":[{"start":{"line":60,"column":30},"end":{"line":63,"column":7}}]},"7":{"type":"branch","line":65,"loc":{"start":{"line":65,"column":25},"end":{"line":68,"column":7}},"locations":[{"start":{"line":65,"column":25},"end":{"line":68,"column":7}}]}},"b":{"0":[5],"1":[1],"2":[5],"3":[1],"4":[1],"5":[1],"6":[1],"7":[1]},"fnMap":{"0":{"name":"SocketConfig","decl":{"start":{"line":10,"column":7},"end":{"line":111,"column":1}},"loc":{"start":{"line":10,"column":7},"end":{"line":111,"column":1}},"line":10},"1":{"name":"onConnect","decl":{"start":{"line":15,"column":14},"end":{"line":15,"column":61}},"loc":{"start":{"line":15,"column":14},"end":{"line":15,"column":61}},"line":15},"2":{"name":"onConnectError","decl":{"start":{"line":16,"column":19},"end":{"line":16,"column":74}},"loc":{"start":{"line":16,"column":19},"end":{"line":16,"column":74}},"line":16},"3":{"name":"onDisconnect","decl":{"start":{"line":17,"column":17},"end":{"line":17,"column":69}},"loc":{"start":{"line":17,"column":17},"end":{"line":17,"column":69}},"line":17},"4":{"name":"onError","decl":{"start":{"line":18,"column":12},"end":{"line":18,"column":61}},"loc":{"start":{"line":18,"column":12},"end":{"line":18,"column":61}},"line":18},"5":{"name":"onReconnect","decl":{"start":{"line":19,"column":16},"end":{"line":20,"column":58}},"loc":{"start":{"line":19,"column":16},"end":{"line":20,"column":58}},"line":19},"6":{"name":"onReconnectAttempt","decl":{"start":{"line":21,"column":23},"end":{"line":22,"column":62}},"loc":{"start":{"line":21,"column":23},"end":{"line":22,"column":62}},"line":21},"7":{"name":"onReconnectError","decl":{"start":{"line":23,"column":21},"end":{"line":23,"column":76}},"loc":{"start":{"line":23,"column":21},"end":{"line":23,"column":76}},"line":23},"8":{"name":"onReconnectFailed","decl":{"start":{"line":24,"column":22},"end":{"line":24,"column":65}},"loc":{"start":{"line":24,"column":22},"end":{"line":24,"column":65}},"line":24},"9":{"name":"onPing","decl":{"start":{"line":25,"column":11},"end":{"line":25,"column":44}},"loc":{"start":{"line":25,"column":11},"end":{"line":25,"column":44}},"line":25},"10":{"name":"onPong","decl":{"start":{"line":26,"column":11},"end":{"line":27,"column":64}},"loc":{"start":{"line":26,"column":11},"end":{"line":27,"column":64}},"line":26}},"f":{"0":5,"1":0,"2":0,"3":0,"4":1,"5":0,"6":0,"7":0,"8":0,"9":0,"10":0}}
,"/Users/oussama/Desktop/leet/b2/client/src/hooks/use-on-mount.js": {"path":"/Users/oussama/Desktop/leet/b2/client/src/hooks/use-on-mount.js","all":false,"statementMap":{"0":{"start":{"line":1,"column":0},"end":{"line":1,"column":97}},"1":{"start":{"line":2,"column":0},"end":{"line":2,"column":0}},"2":{"start":{"line":3,"column":0},"end":{"line":3,"column":47}},"3":{"start":{"line":4,"column":0},"end":{"line":4,"column":31}},"4":{"start":{"line":5,"column":0},"end":{"line":5,"column":0}},"5":{"start":{"line":6,"column":0},"end":{"line":6,"column":19}},"6":{"start":{"line":7,"column":0},"end":{"line":7,"column":26}},"7":{"start":{"line":8,"column":0},"end":{"line":8,"column":19}},"8":{"start":{"line":9,"column":0},"end":{"line":9,"column":28}},"9":{"start":{"line":10,"column":0},"end":{"line":10,"column":5}},"10":{"start":{"line":11,"column":0},"end":{"line":11,"column":0}},"11":{"start":{"line":12,"column":0},"end":{"line":12,"column":18}},"12":{"start":{"line":13,"column":0},"end":{"line":13,"column":38}},"13":{"start":{"line":14,"column":0},"end":{"line":14,"column":18}},"14":{"start":{"line":15,"column":0},"end":{"line":15,"column":7}},"15":{"start":{"line":16,"column":0},"end":{"line":16,"column":6}},"16":{"start":{"line":17,"column":0},"end":{"line":17,"column":9}},"17":{"start":{"line":18,"column":0},"end":{"line":18,"column":1}}},"s":{"0":1,"1":1,"2":1,"3":6,"4":6,"5":6,"6":4,"7":4,"8":4,"9":4,"10":3,"11":3,"12":3,"13":1,"14":1,"15":3,"16":6,"17":6},"branchMap":{"0":{"type":"branch","line":3,"loc":{"start":{"line":3,"column":7},"end":{"line":18,"column":1}},"locations":[{"start":{"line":3,"column":7},"end":{"line":18,"column":1}}]},"1":{"type":"branch","line":6,"loc":{"start":{"line":6,"column":12},"end":{"line":17,"column":3}},"locations":[{"start":{"line":6,"column":12},"end":{"line":17,"column":3}}]},"2":{"type":"branch","line":10,"loc":{"start":{"line":10,"column":4},"end":{"line":17,"column":2}},"locations":[{"start":{"line":10,"column":4},"end":{"line":17,"column":2}}]},"3":{"type":"branch","line":12,"loc":{"start":{"line":12,"column":11},"end":{"line":16,"column":5}},"locations":[{"start":{"line":12,"column":11},"end":{"line":16,"column":5}}]},"4":{"type":"branch","line":13,"loc":{"start":{"line":13,"column":18},"end":{"line":13,"column":35}},"locations":[{"start":{"line":13,"column":18},"end":{"line":13,"column":35}}]},"5":{"type":"branch","line":13,"loc":{"start":{"line":13,"column":37},"end":{"line":15,"column":7}},"locations":[{"start":{"line":13,"column":37},"end":{"line":15,"column":7}}]}},"b":{"0":[6],"1":[4],"2":[3],"3":[3],"4":[1],"5":[1]},"fnMap":{"0":{"name":"useOnMount","decl":{"start":{"line":3,"column":7},"end":{"line":18,"column":1}},"loc":{"start":{"line":3,"column":7},"end":{"line":18,"column":1}},"line":3}},"f":{"0":6}}
,"/Users/oussama/Desktop/leet/b2/client/src/pages/game/index.jsx": {"path":"/Users/oussama/Desktop/leet/b2/client/src/pages/game/index.jsx","all":false,"statementMap":{"0":{"start":{"line":1,"column":0},"end":{"line":1,"column":47}},"1":{"start":{"line":2,"column":0},"end":{"line":2,"column":59}},"2":{"start":{"line":3,"column":0},"end":{"line":3,"column":51}},"3":{"start":{"line":4,"column":0},"end":{"line":4,"column":8}},"4":{"start":{"line":5,"column":0},"end":{"line":5,"column":24}},"5":{"start":{"line":6,"column":0},"end":{"line":6,"column":21}},"6":{"start":{"line":7,"column":0},"end":{"line":7,"column":13}},"7":{"start":{"line":8,"column":0},"end":{"line":8,"column":17}},"8":{"start":{"line":9,"column":0},"end":{"line":9,"column":20}},"9":{"start":{"line":10,"column":0},"end":{"line":10,"column":15}},"10":{"start":{"line":11,"column":0},"end":{"line":11,"column":38}},"11":{"start":{"line":12,"column":0},"end":{"line":12,"column":77}},"12":{"start":{"line":13,"column":0},"end":{"line":13,"column":52}},"13":{"start":{"line":14,"column":0},"end":{"line":14,"column":58}},"14":{"start":{"line":15,"column":0},"end":{"line":15,"column":59}},"15":{"start":{"line":16,"column":0},"end":{"line":16,"column":0}},"16":{"start":{"line":17,"column":0},"end":{"line":17,"column":36}},"17":{"start":{"line":18,"column":0},"end":{"line":18,"column":37}},"18":{"start":{"line":19,"column":0},"end":{"line":19,"column":66}},"19":{"start":{"line":20,"column":0},"end":{"line":20,"column":0}},"20":{"start":{"line":21,"column":0},"end":{"line":21,"column":20}},"21":{"start":{"line":22,"column":0},"end":{"line":22,"column":64}},"22":{"start":{"line":23,"column":0},"end":{"line":23,"column":58}},"23":{"start":{"line":24,"column":0},"end":{"line":24,"column":42}},"24":{"start":{"line":25,"column":0},"end":{"line":25,"column":50}},"25":{"start":{"line":26,"column":0},"end":{"line":26,"column":56}},"26":{"start":{"line":27,"column":0},"end":{"line":27,"column":46}},"27":{"start":{"line":28,"column":0},"end":{"line":28,"column":0}},"28":{"start":{"line":29,"column":0},"end":{"line":29,"column":32}},"29":{"start":{"line":30,"column":0},"end":{"line":30,"column":61}},"30":{"start":{"line":31,"column":0},"end":{"line":31,"column":78}},"31":{"start":{"line":32,"column":0},"end":{"line":32,"column":0}},"32":{"start":{"line":33,"column":0},"end":{"line":33,"column":39}},"33":{"start":{"line":34,"column":0},"end":{"line":34,"column":36}},"34":{"start":{"line":35,"column":0},"end":{"line":35,"column":12}},"35":{"start":{"line":36,"column":0},"end":{"line":36,"column":54}},"36":{"start":{"line":37,"column":0},"end":{"line":37,"column":52}},"37":{"start":{"line":38,"column":0},"end":{"line":38,"column":66}},"38":{"start":{"line":39,"column":0},"end":{"line":39,"column":13}},"39":{"start":{"line":40,"column":0},"end":{"line":40,"column":21}},"40":{"start":{"line":41,"column":0},"end":{"line":41,"column":59}},"41":{"start":{"line":42,"column":0},"end":{"line":42,"column":15}},"42":{"start":{"line":43,"column":0},"end":{"line":43,"column":13}},"43":{"start":{"line":44,"column":0},"end":{"line":44,"column":6}},"44":{"start":{"line":45,"column":0},"end":{"line":45,"column":3}},"45":{"start":{"line":46,"column":0},"end":{"line":46,"column":0}},"46":{"start":{"line":47,"column":0},"end":{"line":47,"column":38}},"47":{"start":{"line":48,"column":0},"end":{"line":48,"column":12}},"48":{"start":{"line":49,"column":0},"end":{"line":49,"column":54}},"49":{"start":{"line":50,"column":0},"end":{"line":50,"column":62}},"50":{"start":{"line":51,"column":0},"end":{"line":51,"column":13}},"51":{"start":{"line":52,"column":0},"end":{"line":52,"column":6}},"52":{"start":{"line":53,"column":0},"end":{"line":53,"column":3}},"53":{"start":{"line":54,"column":0},"end":{"line":54,"column":0}},"54":{"start":{"line":55,"column":0},"end":{"line":55,"column":33}},"55":{"start":{"line":56,"column":0},"end":{"line":56,"column":55}},"56":{"start":{"line":57,"column":0},"end":{"line":57,"column":16}},"57":{"start":{"line":58,"column":0},"end":{"line":58,"column":4}},"58":{"start":{"line":59,"column":0},"end":{"line":59,"column":0}},"59":{"start":{"line":60,"column":0},"end":{"line":60,"column":33}},"60":{"start":{"line":61,"column":0},"end":{"line":61,"column":56}},"61":{"start":{"line":62,"column":0},"end":{"line":62,"column":16}},"62":{"start":{"line":63,"column":0},"end":{"line":63,"column":4}},"63":{"start":{"line":64,"column":0},"end":{"line":64,"column":0}},"64":{"start":{"line":65,"column":0},"end":{"line":65,"column":10}},"65":{"start":{"line":66,"column":0},"end":{"line":66,"column":71}},"66":{"start":{"line":67,"column":0},"end":{"line":67,"column":20}},"67":{"start":{"line":68,"column":0},"end":{"line":68,"column":37}},"68":{"start":{"line":69,"column":0},"end":{"line":69,"column":8}},"69":{"start":{"line":70,"column":0},"end":{"line":70,"column":0}},"70":{"start":{"line":71,"column":0},"end":{"line":71,"column":19}},"71":{"start":{"line":72,"column":0},"end":{"line":72,"column":37}},"72":{"start":{"line":73,"column":0},"end":{"line":73,"column":8}},"73":{"start":{"line":74,"column":0},"end":{"line":74,"column":0}},"74":{"start":{"line":75,"column":0},"end":{"line":75,"column":57}},"75":{"start":{"line":76,"column":0},"end":{"line":76,"column":61}},"76":{"start":{"line":77,"column":0},"end":{"line":77,"column":46}},"77":{"start":{"line":78,"column":0},"end":{"line":78,"column":22}},"78":{"start":{"line":79,"column":0},"end":{"line":79,"column":26}},"79":{"start":{"line":80,"column":0},"end":{"line":80,"column":27}},"80":{"start":{"line":81,"column":0},"end":{"line":81,"column":29}},"81":{"start":{"line":82,"column":0},"end":{"line":82,"column":14}},"82":{"start":{"line":83,"column":0},"end":{"line":83,"column":13}},"83":{"start":{"line":84,"column":0},"end":{"line":84,"column":14}},"84":{"start":{"line":85,"column":0},"end":{"line":85,"column":12}},"85":{"start":{"line":86,"column":0},"end":{"line":86,"column":11}},"86":{"start":{"line":87,"column":0},"end":{"line":87,"column":4}},"87":{"start":{"line":88,"column":0},"end":{"line":88,"column":1}}},"s":{"0":1,"1":1,"2":1,"3":1,"4":1,"5":1,"6":1,"7":1,"8":1,"9":1,"10":1,"11":1,"12":1,"13":1,"14":1,"15":1,"16":5,"17":5,"18":5,"19":5,"20":5,"21":5,"22":5,"23":5,"24":5,"25":5,"26":5,"27":5,"28":5,"29":5,"30":5,"31":5,"32":5,"33":5,"34":0,"35":0,"36":0,"37":0,"38":0,"39":0,"40":0,"41":0,"42":0,"43":0,"44":0,"45":5,"46":5,"47":1,"48":1,"49":1,"50":1,"51":1,"52":1,"53":4,"54":4,"55":2,"56":1,"57":2,"58":4,"59":4,"60":1,"61":1,"62":1,"63":4,"64":4,"65":4,"66":4,"67":4,"68":4,"69":4,"70":4,"71":4,"72":4,"73":4,"74":4,"75":4,"76":4,"77":6,"78":6,"79":6,"80":6,"81":6,"82":4,"83":4,"84":4,"85":4,"86":4,"87":4},"branchMap":{"0":{"type":"branch","line":17,"loc":{"start":{"line":17,"column":0},"end":{"line":88,"column":1}},"locations":[{"start":{"line":17,"column":0},"end":{"line":88,"column":1}}]},"1":{"type":"branch","line":34,"loc":{"start":{"line":34,"column":35},"end":{"line":45,"column":3}},"locations":[{"start":{"line":34,"column":35},"end":{"line":45,"column":3}}]},"2":{"type":"branch","line":47,"loc":{"start":{"line":47,"column":37},"end":{"line":53,"column":3}},"locations":[{"start":{"line":47,"column":37},"end":{"line":53,"column":3}}]},"3":{"type":"branch","line":53,"loc":{"start":{"line":53,"column":2},"end":{"line":88,"column":1}},"locations":[{"start":{"line":53,"column":2},"end":{"line":88,"column":1}}]},"4":{"type":"branch","line":55,"loc":{"start":{"line":55,"column":26},"end":{"line":58,"column":4}},"locations":[{"start":{"line":55,"column":26},"end":{"line":58,"column":4}}]},"5":{"type":"branch","line":56,"loc":{"start":{"line":56,"column":9},"end":{"line":56,"column":48}},"locations":[{"start":{"line":56,"column":9},"end":{"line":56,"column":48}}]},"6":{"type":"branch","line":56,"loc":{"start":{"line":56,"column":48},"end":{"line":57,"column":16}},"locations":[{"start":{"line":56,"column":48},"end":{"line":57,"column":16}}]},"7":{"type":"branch","line":60,"loc":{"start":{"line":60,"column":26},"end":{"line":63,"column":4}},"locations":[{"start":{"line":60,"column":26},"end":{"line":63,"column":4}}]},"8":{"type":"branch","line":61,"loc":{"start":{"line":61,"column":49},"end":{"line":61,"column":56}},"locations":[{"start":{"line":61,"column":49},"end":{"line":61,"column":56}}]},"9":{"type":"branch","line":77,"loc":{"start":{"line":77,"column":22},"end":{"line":82,"column":14}},"locations":[{"start":{"line":77,"column":22},"end":{"line":82,"column":14}}]}},"b":{"0":[5],"1":[0],"2":[1],"3":[4],"4":[2],"5":[1],"6":[1],"7":[1],"8":[0],"9":[6]},"fnMap":{"0":{"name":"GamePage","decl":{"start":{"line":17,"column":0},"end":{"line":88,"column":1}},"loc":{"start":{"line":17,"column":0},"end":{"line":88,"column":1}},"line":17},"1":{"name":"handleStartGame","decl":{"start":{"line":55,"column":26},"end":{"line":58,"column":4}},"loc":{"start":{"line":55,"column":26},"end":{"line":58,"column":4}},"line":55},"2":{"name":"handleResetGame","decl":{"start":{"line":60,"column":26},"end":{"line":63,"column":4}},"loc":{"start":{"line":60,"column":26},"end":{"line":63,"column":4}},"line":60}},"f":{"0":5,"1":2,"2":1}}
,"/Users/oussama/Desktop/leet/b2/client/src/pages/game/components/game-board/index.jsx": {"path":"/Users/oussama/Desktop/leet/b2/client/src/pages/game/components/game-board/index.jsx","all":false,"statementMap":{"0":{"start":{"line":1,"column":0},"end":{"line":1,"column":49}},"1":{"start":{"line":2,"column":0},"end":{"line":2,"column":57}},"2":{"start":{"line":3,"column":0},"end":{"line":3,"column":71}},"3":{"start":{"line":4,"column":0},"end":{"line":4,"column":0}},"4":{"start":{"line":5,"column":0},"end":{"line":5,"column":46}},"5":{"start":{"line":6,"column":0},"end":{"line":6,"column":56}},"6":{"start":{"line":7,"column":0},"end":{"line":7,"column":0}},"7":{"start":{"line":8,"column":0},"end":{"line":8,"column":10}},"8":{"start":{"line":9,"column":0},"end":{"line":9,"column":54}},"9":{"start":{"line":10,"column":0},"end":{"line":10,"column":30}},"10":{"start":{"line":11,"column":0},"end":{"line":11,"column":56}},"11":{"start":{"line":12,"column":0},"end":{"line":12,"column":11}},"12":{"start":{"line":13,"column":0},"end":{"line":13,"column":76}},"13":{"start":{"line":14,"column":0},"end":{"line":14,"column":33}},"14":{"start":{"line":15,"column":0},"end":{"line":15,"column":53}},"15":{"start":{"line":16,"column":0},"end":{"line":16,"column":35}},"16":{"start":{"line":17,"column":0},"end":{"line":17,"column":18}},"17":{"start":{"line":18,"column":0},"end":{"line":18,"column":39}},"18":{"start":{"line":19,"column":0},"end":{"line":19,"column":39}},"19":{"start":{"line":20,"column":0},"end":{"line":20,"column":56}},"20":{"start":{"line":21,"column":0},"end":{"line":21,"column":51}},"21":{"start":{"line":22,"column":0},"end":{"line":22,"column":48}},"22":{"start":{"line":23,"column":0},"end":{"line":23,"column":51}},"23":{"start":{"line":24,"column":0},"end":{"line":24,"column":50}},"24":{"start":{"line":25,"column":0},"end":{"line":25,"column":50}},"25":{"start":{"line":26,"column":0},"end":{"line":26,"column":47}},"26":{"start":{"line":27,"column":0},"end":{"line":27,"column":48}},"27":{"start":{"line":28,"column":0},"end":{"line":28,"column":48}},"28":{"start":{"line":29,"column":0},"end":{"line":29,"column":19}},"29":{"start":{"line":30,"column":0},"end":{"line":30,"column":23}},"30":{"start":{"line":31,"column":0},"end":{"line":31,"column":15}},"31":{"start":{"line":32,"column":0},"end":{"line":32,"column":59}},"32":{"start":{"line":33,"column":0},"end":{"line":33,"column":44}},"33":{"start":{"line":34,"column":0},"end":{"line":34,"column":23}},"34":{"start":{"line":35,"column":0},"end":{"line":35,"column":20}},"35":{"start":{"line":36,"column":0},"end":{"line":36,"column":15}},"36":{"start":{"line":37,"column":0},"end":{"line":37,"column":16}},"37":{"start":{"line":38,"column":0},"end":{"line":38,"column":11}},"38":{"start":{"line":39,"column":0},"end":{"line":39,"column":12}},"39":{"start":{"line":40,"column":0},"end":{"line":40,"column":10}},"40":{"start":{"line":41,"column":0},"end":{"line":41,"column":4}},"41":{"start":{"line":42,"column":0},"end":{"line":42,"column":1}}},"s":{"0":1,"1":1,"2":1,"3":1,"4":1,"5":5,"6":5,"7":5,"8":5,"9":5,"10":5,"11":5,"12":5,"13":5,"14":25,"15":25,"16":250,"17":250,"18":250,"19":250,"20":250,"21":250,"22":250,"23":250,"24":250,"25":250,"26":250,"27":250,"28":250,"29":250,"30":250,"31":250,"32":250,"33":250,"34":250,"35":25,"36":25,"37":5,"38":5,"39":5,"40":5,"41":5},"branchMap":{"0":{"type":"branch","line":5,"loc":{"start":{"line":5,"column":7},"end":{"line":42,"column":1}},"locations":[{"start":{"line":5,"column":7},"end":{"line":42,"column":1}}]},"1":{"type":"branch","line":11,"loc":{"start":{"line":11,"column":20},"end":{"line":11,"column":49}},"locations":[{"start":{"line":11,"column":20},"end":{"line":11,"column":49}}]},"2":{"type":"branch","line":11,"loc":{"start":{"line":11,"column":34},"end":{"line":11,"column":56}},"locations":[{"start":{"line":11,"column":34},"end":{"line":11,"column":56}}]},"3":{"type":"branch","line":14,"loc":{"start":{"line":14,"column":20},"end":{"line":37,"column":16}},"locations":[{"start":{"line":14,"column":20},"end":{"line":37,"column":16}}]},"4":{"type":"branch","line":16,"loc":{"start":{"line":16,"column":21},"end":{"line":35,"column":20}},"locations":[{"start":{"line":16,"column":21},"end":{"line":35,"column":20}}]},"5":{"type":"branch","line":20,"loc":{"start":{"line":20,"column":35},"end":{"line":20,"column":56}},"locations":[{"start":{"line":20,"column":35},"end":{"line":20,"column":56}}]},"6":{"type":"branch","line":33,"loc":{"start":{"line":33,"column":28},"end":{"line":33,"column":41}},"locations":[{"start":{"line":33,"column":28},"end":{"line":33,"column":41}}]},"7":{"type":"branch","line":33,"loc":{"start":{"line":33,"column":34},"end":{"line":33,"column":44}},"locations":[{"start":{"line":33,"column":34},"end":{"line":33,"column":44}}]}},"b":{"0":[5],"1":[4],"2":[1],"3":[25],"4":[250],"5":[70],"6":[50],"7":[200]},"fnMap":{"0":{"name":"GameBoard","decl":{"start":{"line":5,"column":7},"end":{"line":42,"column":1}},"loc":{"start":{"line":5,"column":7},"end":{"line":42,"column":1}},"line":5}},"f":{"0":5}}
,"/Users/oussama/Desktop/leet/b2/client/src/pages/game/components/game-controls/index.jsx": {"path":"/Users/oussama/Desktop/leet/b2/client/src/pages/game/components/game-controls/index.jsx","all":false,"statementMap":{"0":{"start":{"line":1,"column":0},"end":{"line":1,"column":47}},"1":{"start":{"line":2,"column":0},"end":{"line":2,"column":57}},"2":{"start":{"line":3,"column":0},"end":{"line":3,"column":8}},"3":{"start":{"line":4,"column":0},"end":{"line":4,"column":13}},"4":{"start":{"line":5,"column":0},"end":{"line":5,"column":17}},"5":{"start":{"line":6,"column":0},"end":{"line":6,"column":20}},"6":{"start":{"line":7,"column":0},"end":{"line":7,"column":44}},"7":{"start":{"line":8,"column":0},"end":{"line":8,"column":0}},"8":{"start":{"line":9,"column":0},"end":{"line":9,"column":47}},"9":{"start":{"line":10,"column":0},"end":{"line":10,"column":31}},"10":{"start":{"line":11,"column":0},"end":{"line":11,"column":42}},"11":{"start":{"line":12,"column":0},"end":{"line":12,"column":50}},"12":{"start":{"line":13,"column":0},"end":{"line":13,"column":0}},"13":{"start":{"line":14,"column":0},"end":{"line":14,"column":10}},"14":{"start":{"line":15,"column":0},"end":{"line":15,"column":55}},"15":{"start":{"line":16,"column":0},"end":{"line":16,"column":53}},"16":{"start":{"line":17,"column":0},"end":{"line":17,"column":49}},"17":{"start":{"line":18,"column":0},"end":{"line":18,"column":70}},"18":{"start":{"line":19,"column":0},"end":{"line":19,"column":20}},"19":{"start":{"line":20,"column":0},"end":{"line":20,"column":17}},"20":{"start":{"line":21,"column":0},"end":{"line":21,"column":8}},"21":{"start":{"line":22,"column":0},"end":{"line":22,"column":50}},"22":{"start":{"line":23,"column":0},"end":{"line":23,"column":44}},"23":{"start":{"line":24,"column":0},"end":{"line":24,"column":49}},"24":{"start":{"line":25,"column":0},"end":{"line":25,"column":15}},"25":{"start":{"line":26,"column":0},"end":{"line":26,"column":8}},"26":{"start":{"line":27,"column":0},"end":{"line":27,"column":10}},"27":{"start":{"line":28,"column":0},"end":{"line":28,"column":4}},"28":{"start":{"line":29,"column":0},"end":{"line":29,"column":1}},"29":{"start":{"line":30,"column":0},"end":{"line":30,"column":0}},"30":{"start":{"line":31,"column":0},"end":{"line":31,"column":48}},"31":{"start":{"line":32,"column":0},"end":{"line":32,"column":42}},"32":{"start":{"line":33,"column":0},"end":{"line":33,"column":56}},"33":{"start":{"line":34,"column":0},"end":{"line":34,"column":50}},"34":{"start":{"line":35,"column":0},"end":{"line":35,"column":46}},"35":{"start":{"line":36,"column":0},"end":{"line":36,"column":0}},"36":{"start":{"line":37,"column":0},"end":{"line":37,"column":10}},"37":{"start":{"line":38,"column":0},"end":{"line":38,"column":91}},"38":{"start":{"line":39,"column":0},"end":{"line":39,"column":50}},"39":{"start":{"line":40,"column":0},"end":{"line":40,"column":31}},"40":{"start":{"line":41,"column":0},"end":{"line":41,"column":21}},"41":{"start":{"line":42,"column":0},"end":{"line":42,"column":23}},"42":{"start":{"line":43,"column":0},"end":{"line":43,"column":39}},"43":{"start":{"line":44,"column":0},"end":{"line":44,"column":17}},"44":{"start":{"line":45,"column":0},"end":{"line":45,"column":24}},"45":{"start":{"line":46,"column":0},"end":{"line":46,"column":11}},"46":{"start":{"line":47,"column":0},"end":{"line":47,"column":39}},"47":{"start":{"line":48,"column":0},"end":{"line":48,"column":21}},"48":{"start":{"line":49,"column":0},"end":{"line":49,"column":59}},"49":{"start":{"line":50,"column":0},"end":{"line":50,"column":15}},"50":{"start":{"line":51,"column":0},"end":{"line":51,"column":21}},"51":{"start":{"line":52,"column":0},"end":{"line":52,"column":59}},"52":{"start":{"line":53,"column":0},"end":{"line":53,"column":22}},"53":{"start":{"line":54,"column":0},"end":{"line":54,"column":19}},"54":{"start":{"line":55,"column":0},"end":{"line":55,"column":13}},"55":{"start":{"line":56,"column":0},"end":{"line":56,"column":75}},"56":{"start":{"line":57,"column":0},"end":{"line":57,"column":10}},"57":{"start":{"line":58,"column":0},"end":{"line":58,"column":12}},"58":{"start":{"line":59,"column":0},"end":{"line":59,"column":11}},"59":{"start":{"line":60,"column":0},"end":{"line":60,"column":4}},"60":{"start":{"line":61,"column":0},"end":{"line":61,"column":1}}},"s":{"0":1,"1":1,"2":1,"3":1,"4":1,"5":1,"6":1,"7":1,"8":1,"9":3,"10":3,"11":3,"12":3,"13":3,"14":3,"15":3,"16":3,"17":1,"18":1,"19":1,"20":3,"21":3,"22":2,"23":2,"24":2,"25":3,"26":3,"27":3,"28":3,"29":1,"30":1,"31":5,"32":5,"33":5,"34":5,"35":4,"36":4,"37":4,"38":4,"39":4,"40":4,"41":2,"42":2,"43":1,"44":1,"45":5,"46":5,"47":5,"48":5,"49":5,"50":5,"51":1,"52":1,"53":1,"54":3,"55":3,"56":5,"57":5,"58":5,"59":5,"60":5},"branchMap":{"0":{"type":"branch","line":9,"loc":{"start":{"line":9,"column":7},"end":{"line":29,"column":1}},"locations":[{"start":{"line":9,"column":7},"end":{"line":29,"column":1}}]},"1":{"type":"branch","line":17,"loc":{"start":{"line":17,"column":7},"end":{"line":17,"column":49}},"locations":[{"start":{"line":17,"column":7},"end":{"line":17,"column":49}}]},"2":{"type":"branch","line":17,"loc":{"start":{"line":17,"column":35},"end":{"line":20,"column":17}},"locations":[{"start":{"line":17,"column":35},"end":{"line":20,"column":17}}]},"3":{"type":"branch","line":22,"loc":{"start":{"line":22,"column":8},"end":{"line":22,"column":50}},"locations":[{"start":{"line":22,"column":8},"end":{"line":22,"column":50}}]},"4":{"type":"branch","line":22,"loc":{"start":{"line":22,"column":36},"end":{"line":25,"column":15}},"locations":[{"start":{"line":22,"column":36},"end":{"line":25,"column":15}}]},"5":{"type":"branch","line":31,"loc":{"start":{"line":31,"column":7},"end":{"line":61,"column":1}},"locations":[{"start":{"line":31,"column":7},"end":{"line":61,"column":1}}]},"6":{"type":"branch","line":35,"loc":{"start":{"line":35,"column":34},"end":{"line":35,"column":46}},"locations":[{"start":{"line":35,"column":34},"end":{"line":35,"column":46}}]},"7":{"type":"branch","line":35,"loc":{"start":{"line":35,"column":41},"end":{"line":41,"column":21}},"locations":[{"start":{"line":35,"column":41},"end":{"line":41,"column":21}}]},"8":{"type":"branch","line":41,"loc":{"start":{"line":41,"column":15},"end":{"line":42,"column":23}},"locations":[{"start":{"line":41,"column":15},"end":{"line":42,"column":23}}]},"9":{"type":"branch","line":42,"loc":{"start":{"line":42,"column":12},"end":{"line":45,"column":24}},"locations":[{"start":{"line":42,"column":12},"end":{"line":45,"column":24}}]},"10":{"type":"branch","line":43,"loc":{"start":{"line":43,"column":28},"end":{"line":44,"column":17}},"locations":[{"start":{"line":43,"column":28},"end":{"line":44,"column":17}}]},"11":{"type":"branch","line":44,"loc":{"start":{"line":44,"column":12},"end":{"line":45,"column":24}},"locations":[{"start":{"line":44,"column":12},"end":{"line":45,"column":24}}]},"12":{"type":"branch","line":51,"loc":{"start":{"line":51,"column":9},"end":{"line":54,"column":19}},"locations":[{"start":{"line":51,"column":9},"end":{"line":54,"column":19}}]},"13":{"type":"branch","line":54,"loc":{"start":{"line":54,"column":10},"end":{"line":56,"column":75}},"locations":[{"start":{"line":54,"column":10},"end":{"line":56,"column":75}}]}},"b":{"0":[3],"1":[1],"2":[1],"3":[2],"4":[2],"5":[5],"6":[1],"7":[4],"8":[2],"9":[2],"10":[1],"11":[1],"12":[1],"13":[3]},"fnMap":{"0":{"name":"GameControls","decl":{"start":{"line":9,"column":7},"end":{"line":29,"column":1}},"loc":{"start":{"line":9,"column":7},"end":{"line":29,"column":1}},"line":9},"1":{"name":"GameOverModal","decl":{"start":{"line":31,"column":7},"end":{"line":61,"column":1}},"loc":{"start":{"line":31,"column":7},"end":{"line":61,"column":1}},"line":31}},"f":{"0":3,"1":5}}
,"/Users/oussama/Desktop/leet/b2/client/src/pages/game/hooks/use-game-logic.index.js": {"path":"/Users/oussama/Desktop/leet/b2/client/src/pages/game/hooks/use-game-logic.index.js","all":false,"statementMap":{"0":{"start":{"line":1,"column":0},"end":{"line":1,"column":89}},"1":{"start":{"line":2,"column":0},"end":{"line":2,"column":69}},"2":{"start":{"line":3,"column":0},"end":{"line":3,"column":8}},"3":{"start":{"line":4,"column":0},"end":{"line":4,"column":21}},"4":{"start":{"line":5,"column":0},"end":{"line":5,"column":18}},"5":{"start":{"line":6,"column":0},"end":{"line":6,"column":14}},"6":{"start":{"line":7,"column":0},"end":{"line":7,"column":13}},"7":{"start":{"line":8,"column":0},"end":{"line":8,"column":17}},"8":{"start":{"line":9,"column":0},"end":{"line":9,"column":21}},"9":{"start":{"line":10,"column":0},"end":{"line":10,"column":40}},"10":{"start":{"line":11,"column":0},"end":{"line":11,"column":0}},"11":{"start":{"line":12,"column":0},"end":{"line":12,"column":76}},"12":{"start":{"line":13,"column":0},"end":{"line":13,"column":36}},"13":{"start":{"line":14,"column":0},"end":{"line":14,"column":80}},"14":{"start":{"line":15,"column":0},"end":{"line":15,"column":0}},"15":{"start":{"line":16,"column":0},"end":{"line":16,"column":47}},"16":{"start":{"line":17,"column":0},"end":{"line":17,"column":19}},"17":{"start":{"line":18,"column":0},"end":{"line":18,"column":22}},"18":{"start":{"line":19,"column":0},"end":{"line":19,"column":44}},"19":{"start":{"line":20,"column":0},"end":{"line":20,"column":13}},"20":{"start":{"line":21,"column":0},"end":{"line":21,"column":5}},"21":{"start":{"line":22,"column":0},"end":{"line":22,"column":29}},"22":{"start":{"line":23,"column":0},"end":{"line":23,"column":18}},"23":{"start":{"line":24,"column":0},"end":{"line":24,"column":44}},"24":{"start":{"line":25,"column":0},"end":{"line":25,"column":13}},"25":{"start":{"line":26,"column":0},"end":{"line":26,"column":5}},"26":{"start":{"line":27,"column":0},"end":{"line":27,"column":0}},"27":{"start":{"line":28,"column":0},"end":{"line":28,"column":62}},"28":{"start":{"line":29,"column":0},"end":{"line":29,"column":45}},"29":{"start":{"line":30,"column":0},"end":{"line":30,"column":0}},"30":{"start":{"line":31,"column":0},"end":{"line":31,"column":76}},"31":{"start":{"line":32,"column":0},"end":{"line":32,"column":50}},"32":{"start":{"line":33,"column":0},"end":{"line":33,"column":21}},"33":{"start":{"line":34,"column":0},"end":{"line":34,"column":73}},"34":{"start":{"line":35,"column":0},"end":{"line":35,"column":46}},"35":{"start":{"line":36,"column":0},"end":{"line":36,"column":14}},"36":{"start":{"line":37,"column":0},"end":{"line":37,"column":36}},"37":{"start":{"line":38,"column":0},"end":{"line":38,"column":47}},"38":{"start":{"line":39,"column":0},"end":{"line":39,"column":39}},"39":{"start":{"line":40,"column":0},"end":{"line":40,"column":7}},"40":{"start":{"line":41,"column":0},"end":{"line":41,"column":7}},"41":{"start":{"line":42,"column":0},"end":{"line":42,"column":0}},"42":{"start":{"line":43,"column":0},"end":{"line":43,"column":18}},"43":{"start":{"line":44,"column":0},"end":{"line":44,"column":19}},"44":{"start":{"line":45,"column":0},"end":{"line":45,"column":66}},"45":{"start":{"line":46,"column":0},"end":{"line":46,"column":7}},"46":{"start":{"line":47,"column":0},"end":{"line":47,"column":6}},"47":{"start":{"line":48,"column":0},"end":{"line":48,"column":63}},"48":{"start":{"line":49,"column":0},"end":{"line":49,"column":0}},"49":{"start":{"line":50,"column":0},"end":{"line":50,"column":24}},"50":{"start":{"line":51,"column":0},"end":{"line":51,"column":19}},"51":{"start":{"line":52,"column":0},"end":{"line":52,"column":79}},"52":{"start":{"line":53,"column":0},"end":{"line":53,"column":13}},"53":{"start":{"line":54,"column":0},"end":{"line":54,"column":0}},"54":{"start":{"line":55,"column":0},"end":{"line":55,"column":44}},"55":{"start":{"line":56,"column":0},"end":{"line":56,"column":36}},"56":{"start":{"line":57,"column":0},"end":{"line":57,"column":37}},"57":{"start":{"line":58,"column":0},"end":{"line":58,"column":7}},"58":{"start":{"line":59,"column":0},"end":{"line":59,"column":0}},"59":{"start":{"line":60,"column":0},"end":{"line":60,"column":18}},"60":{"start":{"line":61,"column":0},"end":{"line":61,"column":33}},"61":{"start":{"line":62,"column":0},"end":{"line":62,"column":6}},"62":{"start":{"line":63,"column":0},"end":{"line":63,"column":68}},"63":{"start":{"line":64,"column":0},"end":{"line":64,"column":0}},"64":{"start":{"line":65,"column":0},"end":{"line":65,"column":29}},"65":{"start":{"line":66,"column":0},"end":{"line":66,"column":1}},"66":{"start":{"line":67,"column":0},"end":{"line":67,"column":0}},"67":{"start":{"line":68,"column":0},"end":{"line":68,"column":60}},"68":{"start":{"line":69,"column":0},"end":{"line":69,"column":29}},"69":{"start":{"line":70,"column":0},"end":{"line":70,"column":19}},"70":{"start":{"line":71,"column":0},"end":{"line":71,"column":69}},"71":{"start":{"line":72,"column":0},"end":{"line":72,"column":0}},"72":{"start":{"line":73,"column":0},"end":{"line":73,"column":38}},"73":{"start":{"line":74,"column":0},"end":{"line":74,"column":38}},"74":{"start":{"line":75,"column":0},"end":{"line":75,"column":33}},"75":{"start":{"line":76,"column":0},"end":{"line":76,"column":46}},"76":{"start":{"line":77,"column":0},"end":{"line":77,"column":34}},"77":{"start":{"line":78,"column":0},"end":{"line":78,"column":45}},"78":{"start":{"line":79,"column":0},"end":{"line":79,"column":33}},"79":{"start":{"line":80,"column":0},"end":{"line":80,"column":43}},"80":{"start":{"line":81,"column":0},"end":{"line":81,"column":30}},"81":{"start":{"line":82,"column":0},"end":{"line":82,"column":37}},"82":{"start":{"line":83,"column":0},"end":{"line":83,"column":68}},"83":{"start":{"line":84,"column":0},"end":{"line":84,"column":28}},"84":{"start":{"line":85,"column":0},"end":{"line":85,"column":7}},"85":{"start":{"line":86,"column":0},"end":{"line":86,"column":6}},"86":{"start":{"line":87,"column":0},"end":{"line":87,"column":0}},"87":{"start":{"line":88,"column":0},"end":{"line":88,"column":54}},"88":{"start":{"line":89,"column":0},"end":{"line":89,"column":18}},"89":{"start":{"line":90,"column":0},"end":{"line":90,"column":59}},"90":{"start":{"line":91,"column":0},"end":{"line":91,"column":6}},"91":{"start":{"line":92,"column":0},"end":{"line":92,"column":34}},"92":{"start":{"line":93,"column":0},"end":{"line":93,"column":0}},"93":{"start":{"line":94,"column":0},"end":{"line":94,"column":27}},"94":{"start":{"line":95,"column":0},"end":{"line":95,"column":40}},"95":{"start":{"line":96,"column":0},"end":{"line":96,"column":30}},"96":{"start":{"line":97,"column":0},"end":{"line":97,"column":4}},"97":{"start":{"line":98,"column":0},"end":{"line":98,"column":0}},"98":{"start":{"line":99,"column":0},"end":{"line":99,"column":27}},"99":{"start":{"line":100,"column":0},"end":{"line":100,"column":40}},"100":{"start":{"line":101,"column":0},"end":{"line":101,"column":30}},"101":{"start":{"line":102,"column":0},"end":{"line":102,"column":4}},"102":{"start":{"line":103,"column":0},"end":{"line":103,"column":0}},"103":{"start":{"line":104,"column":0},"end":{"line":104,"column":34}},"104":{"start":{"line":105,"column":0},"end":{"line":105,"column":1}}},"s":{"0":1,"1":1,"2":1,"3":1,"4":1,"5":1,"6":1,"7":1,"8":1,"9":1,"10":1,"11":1,"12":6,"13":6,"14":6,"15":6,"16":6,"17":6,"18":1,"19":1,"20":1,"21":6,"22":6,"23":0,"24":0,"25":0,"26":5,"27":5,"28":5,"29":5,"30":5,"31":5,"32":5,"33":1,"34":1,"35":5,"36":4,"37":4,"38":4,"39":4,"40":5,"41":5,"42":5,"43":5,"44":5,"45":5,"46":5,"47":6,"48":6,"49":6,"50":6,"51":6,"52":6,"53":3,"54":3,"55":1,"56":1,"57":3,"58":3,"59":3,"60":3,"61":3,"62":6,"63":6,"64":6,"65":6,"66":1,"67":1,"68":6,"69":6,"70":6,"71":2,"72":2,"73":5,"74":1,"75":5,"76":1,"77":4,"78":1,"79":3,"80":1,"81":1,"82":1,"83":1,"84":1,"85":2,"86":2,"87":2,"88":2,"89":2,"90":2,"91":6,"92":6,"93":6,"94":2,"95":1,"96":6,"97":6,"98":6,"99":2,"100":1,"101":6,"102":6,"103":6,"104":6},"branchMap":{"0":{"type":"branch","line":12,"loc":{"start":{"line":12,"column":7},"end":{"line":66,"column":1}},"locations":[{"start":{"line":12,"column":7},"end":{"line":66,"column":1}}]},"1":{"type":"branch","line":17,"loc":{"start":{"line":17,"column":12},"end":{"line":48,"column":3}},"locations":[{"start":{"line":17,"column":12},"end":{"line":48,"column":3}}]},"2":{"type":"branch","line":18,"loc":{"start":{"line":18,"column":21},"end":{"line":21,"column":5}},"locations":[{"start":{"line":18,"column":21},"end":{"line":21,"column":5}}]},"3":{"type":"branch","line":21,"loc":{"start":{"line":21,"column":4},"end":{"line":22,"column":22}},"locations":[{"start":{"line":21,"column":4},"end":{"line":22,"column":22}}]},"4":{"type":"branch","line":22,"loc":{"start":{"line":22,"column":22},"end":{"line":22,"column":29}},"locations":[{"start":{"line":22,"column":22},"end":{"line":22,"column":29}}]},"5":{"type":"branch","line":22,"loc":{"start":{"line":22,"column":28},"end":{"line":23,"column":17}},"locations":[{"start":{"line":22,"column":28},"end":{"line":23,"column":17}}]},"6":{"type":"branch","line":23,"loc":{"start":{"line":23,"column":17},"end":{"line":26,"column":5}},"locations":[{"start":{"line":23,"column":17},"end":{"line":26,"column":5}}]},"7":{"type":"branch","line":26,"loc":{"start":{"line":26,"column":4},"end":{"line":48,"column":2}},"locations":[{"start":{"line":26,"column":4},"end":{"line":48,"column":2}}]},"8":{"type":"branch","line":31,"loc":{"start":{"line":31,"column":61},"end":{"line":41,"column":5}},"locations":[{"start":{"line":31,"column":61},"end":{"line":41,"column":5}}]},"9":{"type":"branch","line":33,"loc":{"start":{"line":33,"column":20},"end":{"line":36,"column":7}},"locations":[{"start":{"line":33,"column":20},"end":{"line":36,"column":7}}]},"10":{"type":"branch","line":34,"loc":{"start":{"line":34,"column":41},"end":{"line":34,"column":70}},"locations":[{"start":{"line":34,"column":41},"end":{"line":34,"column":70}}]},"11":{"type":"branch","line":36,"loc":{"start":{"line":36,"column":7},"end":{"line":40,"column":7}},"locations":[{"start":{"line":36,"column":7},"end":{"line":40,"column":7}}]},"12":{"type":"branch","line":43,"loc":{"start":{"line":43,"column":11},"end":{"line":47,"column":5}},"locations":[{"start":{"line":43,"column":11},"end":{"line":47,"column":5}}]},"13":{"type":"branch","line":51,"loc":{"start":{"line":51,"column":12},"end":{"line":63,"column":3}},"locations":[{"start":{"line":51,"column":12},"end":{"line":63,"column":3}}]},"14":{"type":"branch","line":52,"loc":{"start":{"line":52,"column":37},"end":{"line":52,"column":47}},"locations":[{"start":{"line":52,"column":37},"end":{"line":52,"column":47}}]},"15":{"type":"branch","line":52,"loc":{"start":{"line":52,"column":48},"end":{"line":52,"column":63}},"locations":[{"start":{"line":52,"column":48},"end":{"line":52,"column":63}}]},"16":{"type":"branch","line":52,"loc":{"start":{"line":52,"column":64},"end":{"line":52,"column":78}},"locations":[{"start":{"line":52,"column":64},"end":{"line":52,"column":78}}]},"17":{"type":"branch","line":53,"loc":{"start":{"line":53,"column":6},"end":{"line":63,"column":2}},"locations":[{"start":{"line":53,"column":6},"end":{"line":63,"column":2}}]},"18":{"type":"branch","line":55,"loc":{"start":{"line":55,"column":30},"end":{"line":58,"column":5}},"locations":[{"start":{"line":55,"column":30},"end":{"line":58,"column":5}}]},"19":{"type":"branch","line":60,"loc":{"start":{"line":60,"column":11},"end":{"line":62,"column":5}},"locations":[{"start":{"line":60,"column":11},"end":{"line":62,"column":5}}]},"20":{"type":"branch","line":68,"loc":{"start":{"line":68,"column":7},"end":{"line":105,"column":1}},"locations":[{"start":{"line":68,"column":7},"end":{"line":105,"column":1}}]},"21":{"type":"branch","line":70,"loc":{"start":{"line":70,"column":12},"end":{"line":92,"column":3}},"locations":[{"start":{"line":70,"column":12},"end":{"line":92,"column":3}}]},"22":{"type":"branch","line":71,"loc":{"start":{"line":71,"column":16},"end":{"line":71,"column":31}},"locations":[{"start":{"line":71,"column":16},"end":{"line":71,"column":31}}]},"23":{"type":"branch","line":71,"loc":{"start":{"line":71,"column":32},"end":{"line":71,"column":60}},"locations":[{"start":{"line":71,"column":32},"end":{"line":71,"column":60}}]},"24":{"type":"branch","line":71,"loc":{"start":{"line":71,"column":62},"end":{"line":71,"column":69}},"locations":[{"start":{"line":71,"column":62},"end":{"line":71,"column":69}}]},"25":{"type":"branch","line":71,"loc":{"start":{"line":71,"column":68},"end":{"line":92,"column":2}},"locations":[{"start":{"line":71,"column":68},"end":{"line":92,"column":2}}]},"26":{"type":"branch","line":73,"loc":{"start":{"line":73,"column":26},"end":{"line":86,"column":5}},"locations":[{"start":{"line":73,"column":26},"end":{"line":86,"column":5}}]},"27":{"type":"branch","line":74,"loc":{"start":{"line":74,"column":37},"end":{"line":76,"column":7}},"locations":[{"start":{"line":74,"column":37},"end":{"line":76,"column":7}}]},"28":{"type":"branch","line":76,"loc":{"start":{"line":76,"column":7},"end":{"line":85,"column":7}},"locations":[{"start":{"line":76,"column":7},"end":{"line":85,"column":7}}]},"29":{"type":"branch","line":76,"loc":{"start":{"line":76,"column":45},"end":{"line":78,"column":7}},"locations":[{"start":{"line":76,"column":45},"end":{"line":78,"column":7}}]},"30":{"type":"branch","line":78,"loc":{"start":{"line":78,"column":7},"end":{"line":85,"column":7}},"locations":[{"start":{"line":78,"column":7},"end":{"line":85,"column":7}}]},"31":{"type":"branch","line":78,"loc":{"start":{"line":78,"column":44},"end":{"line":80,"column":7}},"locations":[{"start":{"line":78,"column":44},"end":{"line":80,"column":7}}]},"32":{"type":"branch","line":80,"loc":{"start":{"line":80,"column":7},"end":{"line":85,"column":7}},"locations":[{"start":{"line":80,"column":7},"end":{"line":85,"column":7}}]},"33":{"type":"branch","line":80,"loc":{"start":{"line":80,"column":42},"end":{"line":85,"column":7}},"locations":[{"start":{"line":80,"column":42},"end":{"line":85,"column":7}}]},"34":{"type":"branch","line":89,"loc":{"start":{"line":89,"column":11},"end":{"line":91,"column":5}},"locations":[{"start":{"line":89,"column":11},"end":{"line":91,"column":5}}]},"35":{"type":"branch","line":94,"loc":{"start":{"line":94,"column":20},"end":{"line":97,"column":3}},"locations":[{"start":{"line":94,"column":20},"end":{"line":97,"column":3}}]},"36":{"type":"branch","line":95,"loc":{"start":{"line":95,"column":16},"end":{"line":95,"column":31}},"locations":[{"start":{"line":95,"column":16},"end":{"line":95,"column":31}}]},"37":{"type":"branch","line":95,"loc":{"start":{"line":95,"column":33},"end":{"line":97,"column":2}},"locations":[{"start":{"line":95,"column":33},"end":{"line":97,"column":2}}]},"38":{"type":"branch","line":99,"loc":{"start":{"line":99,"column":20},"end":{"line":102,"column":3}},"locations":[{"start":{"line":99,"column":20},"end":{"line":102,"column":3}}]},"39":{"type":"branch","line":100,"loc":{"start":{"line":100,"column":16},"end":{"line":100,"column":31}},"locations":[{"start":{"line":100,"column":16},"end":{"line":100,"column":31}}]},"40":{"type":"branch","line":100,"loc":{"start":{"line":100,"column":33},"end":{"line":102,"column":2}},"locations":[{"start":{"line":100,"column":33},"end":{"line":102,"column":2}}]}},"b":{"0":[6],"1":[6],"2":[1],"3":[5],"4":[0],"5":[5],"6":[0],"7":[5],"8":[5],"9":[1],"10":[0],"11":[4],"12":[5],"13":[6],"14":[3],"15":[3],"16":[3],"17":[3],"18":[1],"19":[3],"20":[6],"21":[6],"22":[5],"23":[5],"24":[4],"25":[2],"26":[5],"27":[1],"28":[4],"29":[1],"30":[3],"31":[1],"32":[2],"33":[1],"34":[2],"35":[2],"36":[1],"37":[1],"38":[2],"39":[1],"40":[1]},"fnMap":{"0":{"name":"useGameLogic","decl":{"start":{"line":12,"column":7},"end":{"line":66,"column":1}},"loc":{"start":{"line":12,"column":7},"end":{"line":66,"column":1}},"line":12},"1":{"name":"useGameControls","decl":{"start":{"line":68,"column":7},"end":{"line":105,"column":1}},"loc":{"start":{"line":68,"column":7},"end":{"line":105,"column":1}},"line":68},"2":{"name":"handleKeyDown","decl":{"start":{"line":73,"column":26},"end":{"line":86,"column":5}},"loc":{"start":{"line":73,"column":26},"end":{"line":86,"column":5}},"line":73},"3":{"name":"startGame","decl":{"start":{"line":94,"column":20},"end":{"line":97,"column":3}},"loc":{"start":{"line":94,"column":20},"end":{"line":97,"column":3}},"line":94},"4":{"name":"resetGame","decl":{"start":{"line":99,"column":20},"end":{"line":102,"column":3}},"loc":{"start":{"line":99,"column":20},"end":{"line":102,"column":3}},"line":99}},"f":{"0":6,"1":6,"2":5,"3":2,"4":2}}
,"/Users/oussama/Desktop/leet/b2/client/src/pages/layout/index.jsx": {"path":"/Users/oussama/Desktop/leet/b2/client/src/pages/layout/index.jsx","all":false,"statementMap":{"0":{"start":{"line":1,"column":0},"end":{"line":1,"column":38}},"1":{"start":{"line":2,"column":0},"end":{"line":2,"column":33}},"2":{"start":{"line":3,"column":0},"end":{"line":3,"column":62}},"3":{"start":{"line":4,"column":0},"end":{"line":4,"column":0}},"4":{"start":{"line":5,"column":0},"end":{"line":5,"column":34}},"5":{"start":{"line":6,"column":0},"end":{"line":6,"column":10}},"6":{"start":{"line":7,"column":0},"end":{"line":7,"column":61}},"7":{"start":{"line":8,"column":0},"end":{"line":8,"column":11}},"8":{"start":{"line":9,"column":0},"end":{"line":9,"column":16}},"9":{"start":{"line":10,"column":0},"end":{"line":10,"column":26}},"10":{"start":{"line":11,"column":0},"end":{"line":11,"column":86}},"11":{"start":{"line":12,"column":0},"end":{"line":12,"column":45}},"12":{"start":{"line":13,"column":0},"end":{"line":13,"column":10}},"13":{"start":{"line":14,"column":0},"end":{"line":14,"column":7}},"14":{"start":{"line":15,"column":0},"end":{"line":15,"column":18}},"15":{"start":{"line":16,"column":0},"end":{"line":16,"column":19}},"16":{"start":{"line":17,"column":0},"end":{"line":17,"column":13}},"17":{"start":{"line":18,"column":0},"end":{"line":18,"column":19}},"18":{"start":{"line":19,"column":0},"end":{"line":19,"column":4}},"19":{"start":{"line":20,"column":0},"end":{"line":20,"column":1}}},"s":{"0":1,"1":1,"2":1,"3":1,"4":2,"5":2,"6":2,"7":2,"8":2,"9":2,"10":2,"11":2,"12":2,"13":2,"14":2,"15":2,"16":2,"17":2,"18":2,"19":2},"branchMap":{"0":{"type":"branch","line":5,"loc":{"start":{"line":5,"column":0},"end":{"line":20,"column":1}},"locations":[{"start":{"line":5,"column":0},"end":{"line":20,"column":1}}]}},"b":{"0":[2]},"fnMap":{"0":{"name":"Layout","decl":{"start":{"line":5,"column":0},"end":{"line":20,"column":1}},"loc":{"start":{"line":5,"column":0},"end":{"line":20,"column":1}},"line":5}},"f":{"0":2}}
,"/Users/oussama/Desktop/leet/b2/client/src/pages/lobby/index.jsx": {"path":"/Users/oussama/Desktop/leet/b2/client/src/pages/lobby/index.jsx","all":false,"statementMap":{"0":{"start":{"line":1,"column":0},"end":{"line":1,"column":43}},"1":{"start":{"line":2,"column":0},"end":{"line":2,"column":31}},"2":{"start":{"line":3,"column":0},"end":{"line":3,"column":0}},"3":{"start":{"line":4,"column":0},"end":{"line":4,"column":37}},"4":{"start":{"line":5,"column":0},"end":{"line":5,"column":33}},"5":{"start":{"line":6,"column":0},"end":{"line":6,"column":0}},"6":{"start":{"line":7,"column":0},"end":{"line":7,"column":32}},"7":{"start":{"line":8,"column":0},"end":{"line":8,"column":27}},"8":{"start":{"line":9,"column":0},"end":{"line":9,"column":48}},"9":{"start":{"line":10,"column":0},"end":{"line":10,"column":38}},"10":{"start":{"line":11,"column":0},"end":{"line":11,"column":38}},"11":{"start":{"line":12,"column":0},"end":{"line":12,"column":0}},"12":{"start":{"line":13,"column":0},"end":{"line":13,"column":25}},"13":{"start":{"line":14,"column":0},"end":{"line":14,"column":48}},"14":{"start":{"line":15,"column":0},"end":{"line":15,"column":13}},"15":{"start":{"line":16,"column":0},"end":{"line":16,"column":5}},"16":{"start":{"line":17,"column":0},"end":{"line":17,"column":45}},"17":{"start":{"line":18,"column":0},"end":{"line":18,"column":77}},"18":{"start":{"line":19,"column":0},"end":{"line":19,"column":13}},"19":{"start":{"line":20,"column":0},"end":{"line":20,"column":5}},"20":{"start":{"line":21,"column":0},"end":{"line":21,"column":33}},"21":{"start":{"line":22,"column":0},"end":{"line":22,"column":3}},"22":{"start":{"line":23,"column":0},"end":{"line":23,"column":10}},"23":{"start":{"line":24,"column":0},"end":{"line":24,"column":58}},"24":{"start":{"line":25,"column":0},"end":{"line":25,"column":11}},"25":{"start":{"line":26,"column":0},"end":{"line":26,"column":31}},"26":{"start":{"line":27,"column":0},"end":{"line":27,"column":21}},"27":{"start":{"line":28,"column":0},"end":{"line":28,"column":135}},"28":{"start":{"line":29,"column":0},"end":{"line":29,"column":7}},"29":{"start":{"line":30,"column":0},"end":{"line":30,"column":49}},"30":{"start":{"line":31,"column":0},"end":{"line":31,"column":42}},"31":{"start":{"line":32,"column":0},"end":{"line":32,"column":14}},"32":{"start":{"line":33,"column":0},"end":{"line":33,"column":19}},"33":{"start":{"line":34,"column":0},"end":{"line":34,"column":21}},"34":{"start":{"line":35,"column":0},"end":{"line":35,"column":40}},"35":{"start":{"line":36,"column":0},"end":{"line":36,"column":18}},"36":{"start":{"line":37,"column":0},"end":{"line":37,"column":17}},"37":{"start":{"line":38,"column":0},"end":{"line":38,"column":21}},"38":{"start":{"line":39,"column":0},"end":{"line":39,"column":10}},"39":{"start":{"line":40,"column":0},"end":{"line":40,"column":42}},"40":{"start":{"line":41,"column":0},"end":{"line":41,"column":14}},"41":{"start":{"line":42,"column":0},"end":{"line":42,"column":21}},"42":{"start":{"line":43,"column":0},"end":{"line":43,"column":40}},"43":{"start":{"line":44,"column":0},"end":{"line":44,"column":18}},"44":{"start":{"line":45,"column":0},"end":{"line":45,"column":17}},"45":{"start":{"line":46,"column":0},"end":{"line":46,"column":21}},"46":{"start":{"line":47,"column":0},"end":{"line":47,"column":10}},"47":{"start":{"line":48,"column":0},"end":{"line":48,"column":53}},"48":{"start":{"line":49,"column":0},"end":{"line":49,"column":13}},"49":{"start":{"line":50,"column":0},"end":{"line":50,"column":11}},"50":{"start":{"line":51,"column":0},"end":{"line":51,"column":4}},"51":{"start":{"line":52,"column":0},"end":{"line":52,"column":1}}},"s":{"0":1,"1":1,"2":1,"3":5,"4":5,"5":5,"6":5,"7":3,"8":3,"9":3,"10":3,"11":3,"12":3,"13":1,"14":1,"15":1,"16":3,"17":1,"18":1,"19":1,"20":1,"21":3,"22":5,"23":5,"24":5,"25":5,"26":5,"27":5,"28":5,"29":5,"30":5,"31":5,"32":5,"33":5,"34":5,"35":5,"36":5,"37":5,"38":5,"39":5,"40":5,"41":5,"42":5,"43":5,"44":5,"45":5,"46":5,"47":5,"48":5,"49":5,"50":5,"51":5},"branchMap":{"0":{"type":"branch","line":4,"loc":{"start":{"line":4,"column":0},"end":{"line":52,"column":1}},"locations":[{"start":{"line":4,"column":0},"end":{"line":52,"column":1}}]},"1":{"type":"branch","line":7,"loc":{"start":{"line":7,"column":2},"end":{"line":22,"column":3}},"locations":[{"start":{"line":7,"column":2},"end":{"line":22,"column":3}}]},"2":{"type":"branch","line":13,"loc":{"start":{"line":13,"column":9},"end":{"line":13,"column":24}},"locations":[{"start":{"line":13,"column":9},"end":{"line":13,"column":24}}]},"3":{"type":"branch","line":13,"loc":{"start":{"line":13,"column":24},"end":{"line":16,"column":5}},"locations":[{"start":{"line":13,"column":24},"end":{"line":16,"column":5}}]},"4":{"type":"branch","line":16,"loc":{"start":{"line":16,"column":4},"end":{"line":17,"column":27}},"locations":[{"start":{"line":16,"column":4},"end":{"line":17,"column":27}}]},"5":{"type":"branch","line":17,"loc":{"start":{"line":17,"column":22},"end":{"line":17,"column":44}},"locations":[{"start":{"line":17,"column":22},"end":{"line":17,"column":44}}]},"6":{"type":"branch","line":17,"loc":{"start":{"line":17,"column":44},"end":{"line":21,"column":33}},"locations":[{"start":{"line":17,"column":44},"end":{"line":21,"column":33}}]}},"b":{"0":[5],"1":[3],"2":[2],"3":[1],"4":[2],"5":[1],"6":[1]},"fnMap":{"0":{"name":"LobbyPage","decl":{"start":{"line":4,"column":0},"end":{"line":52,"column":1}},"loc":{"start":{"line":4,"column":0},"end":{"line":52,"column":1}},"line":4},"1":{"name":"handleSubmit","decl":{"start":{"line":7,"column":2},"end":{"line":22,"column":3}},"loc":{"start":{"line":7,"column":2},"end":{"line":22,"column":3}},"line":7}},"f":{"0":5,"1":3}}
,"/Users/oussama/Desktop/leet/b2/client/src/pages/not-found/index.jsx": {"path":"/Users/oussama/Desktop/leet/b2/client/src/pages/not-found/index.jsx","all":false,"statementMap":{"0":{"start":{"line":1,"column":0},"end":{"line":1,"column":26}},"1":{"start":{"line":2,"column":0},"end":{"line":2,"column":36}},"2":{"start":{"line":3,"column":0},"end":{"line":3,"column":0}},"3":{"start":{"line":4,"column":0},"end":{"line":4,"column":40}},"4":{"start":{"line":5,"column":0},"end":{"line":5,"column":10}},"5":{"start":{"line":6,"column":0},"end":{"line":6,"column":89}},"6":{"start":{"line":7,"column":0},"end":{"line":7,"column":67}},"7":{"start":{"line":8,"column":0},"end":{"line":8,"column":64}},"8":{"start":{"line":9,"column":0},"end":{"line":9,"column":11}},"9":{"start":{"line":10,"column":0},"end":{"line":10,"column":119}},"10":{"start":{"line":11,"column":0},"end":{"line":11,"column":12}},"11":{"start":{"line":12,"column":0},"end":{"line":12,"column":11}},"12":{"start":{"line":13,"column":0},"end":{"line":13,"column":4}},"13":{"start":{"line":14,"column":0},"end":{"line":14,"column":1}}},"s":{"0":1,"1":1,"2":1,"3":2,"4":2,"5":2,"6":2,"7":2,"8":2,"9":2,"10":2,"11":2,"12":2,"13":2},"branchMap":{"0":{"type":"branch","line":4,"loc":{"start":{"line":4,"column":0},"end":{"line":14,"column":1}},"locations":[{"start":{"line":4,"column":0},"end":{"line":14,"column":1}}]}},"b":{"0":[2]},"fnMap":{"0":{"name":"NotFoundPage","decl":{"start":{"line":4,"column":0},"end":{"line":14,"column":1}},"loc":{"start":{"line":4,"column":0},"end":{"line":14,"column":1}},"line":4}},"f":{"0":2}}
,"/Users/oussama/Desktop/leet/b2/client/src/pages/router/index.tsx": {"path":"/Users/oussama/Desktop/leet/b2/client/src/pages/router/index.tsx","all":false,"statementMap":{"0":{"start":{"line":1,"column":0},"end":{"line":1,"column":60}},"1":{"start":{"line":2,"column":0},"end":{"line":2,"column":31}},"2":{"start":{"line":3,"column":0},"end":{"line":3,"column":33}},"3":{"start":{"line":4,"column":0},"end":{"line":4,"column":31}},"4":{"start":{"line":5,"column":0},"end":{"line":5,"column":40}},"5":{"start":{"line":6,"column":0},"end":{"line":6,"column":34}},"6":{"start":{"line":7,"column":0},"end":{"line":7,"column":10}},"7":{"start":{"line":8,"column":0},"end":{"line":8,"column":19}},"8":{"start":{"line":9,"column":0},"end":{"line":9,"column":14}},"9":{"start":{"line":10,"column":0},"end":{"line":10,"column":36}},"10":{"start":{"line":11,"column":0},"end":{"line":11,"column":52}},"11":{"start":{"line":12,"column":0},"end":{"line":12,"column":62}},"12":{"start":{"line":13,"column":0},"end":{"line":13,"column":55}},"13":{"start":{"line":14,"column":0},"end":{"line":14,"column":16}},"14":{"start":{"line":15,"column":0},"end":{"line":15,"column":15}},"15":{"start":{"line":16,"column":0},"end":{"line":16,"column":20}},"16":{"start":{"line":17,"column":0},"end":{"line":17,"column":4}},"17":{"start":{"line":18,"column":0},"end":{"line":18,"column":1}}},"s":{"0":1,"1":1,"2":1,"3":1,"4":1,"5":3,"6":3,"7":3,"8":3,"9":3,"10":3,"11":3,"12":3,"13":3,"14":3,"15":3,"16":3,"17":3},"branchMap":{"0":{"type":"branch","line":6,"loc":{"start":{"line":6,"column":0},"end":{"line":18,"column":1}},"locations":[{"start":{"line":6,"column":0},"end":{"line":18,"column":1}}]}},"b":{"0":[3]},"fnMap":{"0":{"name":"Router","decl":{"start":{"line":6,"column":0},"end":{"line":18,"column":1}},"loc":{"start":{"line":6,"column":0},"end":{"line":18,"column":1}},"line":6}},"f":{"0":3}}
,"/Users/oussama/Desktop/leet/b2/client/src/store/hooks.js": {"path":"/Users/oussama/Desktop/leet/b2/client/src/store/hooks.js","all":false,"statementMap":{"0":{"start":{"line":1,"column":0},"end":{"line":1,"column":172}},"1":{"start":{"line":2,"column":0},"end":{"line":2,"column":0}},"2":{"start":{"line":3,"column":0},"end":{"line":3,"column":75}},"3":{"start":{"line":4,"column":0},"end":{"line":4,"column":50}},"4":{"start":{"line":5,"column":0},"end":{"line":5,"column":42}}},"s":{"0":1,"1":1,"2":1,"3":1,"4":1},"branchMap":{"0":{"type":"branch","line":4,"loc":{"start":{"line":4,"column":30},"end":{"line":4,"column":49}},"locations":[{"start":{"line":4,"column":30},"end":{"line":4,"column":49}}]}},"b":{"0":[1]},"fnMap":{"0":{"name":"useAppDispatch","decl":{"start":{"line":4,"column":30},"end":{"line":4,"column":49}},"loc":{"start":{"line":4,"column":30},"end":{"line":4,"column":49}},"line":4}},"f":{"0":1}}
,"/Users/oussama/Desktop/leet/b2/client/src/store/index.js": {"path":"/Users/oussama/Desktop/leet/b2/client/src/store/index.js","all":false,"statementMap":{"0":{"start":{"line":1,"column":0},"end":{"line":1,"column":213}},"1":{"start":{"line":2,"column":0},"end":{"line":2,"column":57}},"2":{"start":{"line":3,"column":0},"end":{"line":3,"column":0}},"3":{"start":{"line":4,"column":0},"end":{"line":4,"column":37}},"4":{"start":{"line":5,"column":0},"end":{"line":5,"column":12}},"5":{"start":{"line":6,"column":0},"end":{"line":6,"column":22}},"6":{"start":{"line":7,"column":0},"end":{"line":7,"column":4}},"7":{"start":{"line":8,"column":0},"end":{"line":8,"column":3}}},"s":{"0":1,"1":1,"2":1,"3":1,"4":1,"5":1,"6":1,"7":1},"branchMap":{},"b":{},"fnMap":{},"f":{}}
,"/Users/oussama/Desktop/leet/b2/client/src/store/slices/gameSlice.js": {"path":"/Users/oussama/Desktop/leet/b2/client/src/store/slices/gameSlice.js","all":false,"statementMap":{"0":{"start":{"line":1,"column":0},"end":{"line":1,"column":210}},"1":{"start":{"line":2,"column":0},"end":{"line":2,"column":0}},"2":{"start":{"line":3,"column":0},"end":{"line":3,"column":42}},"3":{"start":{"line":4,"column":0},"end":{"line":4,"column":68}},"4":{"start":{"line":5,"column":0},"end":{"line":5,"column":2}},"5":{"start":{"line":6,"column":0},"end":{"line":6,"column":0}},"6":{"start":{"line":7,"column":0},"end":{"line":7,"column":22}},"7":{"start":{"line":8,"column":0},"end":{"line":8,"column":21}},"8":{"start":{"line":9,"column":0},"end":{"line":9,"column":61}},"9":{"start":{"line":10,"column":0},"end":{"line":10,"column":21}},"10":{"start":{"line":11,"column":0},"end":{"line":11,"column":2}},"11":{"start":{"line":12,"column":0},"end":{"line":12,"column":15}},"12":{"start":{"line":13,"column":0},"end":{"line":13,"column":9}},"13":{"start":{"line":14,"column":0},"end":{"line":14,"column":58}},"14":{"start":{"line":15,"column":0},"end":{"line":15,"column":16}},"15":{"start":{"line":16,"column":0},"end":{"line":16,"column":17}},"16":{"start":{"line":17,"column":0},"end":{"line":17,"column":4}},"17":{"start":{"line":18,"column":0},"end":{"line":18,"column":2}},"18":{"start":{"line":19,"column":0},"end":{"line":19,"column":13}},"19":{"start":{"line":20,"column":0},"end":{"line":20,"column":18}},"20":{"start":{"line":21,"column":0},"end":{"line":21,"column":20}},"21":{"start":{"line":22,"column":0},"end":{"line":22,"column":20}},"22":{"start":{"line":23,"column":0},"end":{"line":23,"column":2}},"23":{"start":{"line":24,"column":0},"end":{"line":24,"column":0}},"24":{"start":{"line":25,"column":0},"end":{"line":25,"column":31}},"25":{"start":{"line":26,"column":0},"end":{"line":26,"column":15}},"26":{"start":{"line":27,"column":0},"end":{"line":27,"column":15}},"27":{"start":{"line":28,"column":0},"end":{"line":28,"column":13}},"28":{"start":{"line":29,"column":0},"end":{"line":29,"column":44}},"29":{"start":{"line":30,"column":0},"end":{"line":30,"column":45}},"30":{"start":{"line":31,"column":0},"end":{"line":31,"column":6}},"31":{"start":{"line":32,"column":0},"end":{"line":32,"column":41}},"32":{"start":{"line":33,"column":0},"end":{"line":33,"column":42}},"33":{"start":{"line":34,"column":0},"end":{"line":34,"column":6}},"34":{"start":{"line":35,"column":0},"end":{"line":35,"column":37}},"35":{"start":{"line":36,"column":0},"end":{"line":36,"column":56}},"36":{"start":{"line":37,"column":0},"end":{"line":37,"column":6}},"37":{"start":{"line":38,"column":0},"end":{"line":38,"column":36}},"38":{"start":{"line":39,"column":0},"end":{"line":39,"column":56}},"39":{"start":{"line":40,"column":0},"end":{"line":40,"column":6}},"40":{"start":{"line":41,"column":0},"end":{"line":41,"column":40}},"41":{"start":{"line":42,"column":0},"end":{"line":42,"column":44}},"42":{"start":{"line":43,"column":0},"end":{"line":43,"column":31}},"43":{"start":{"line":44,"column":0},"end":{"line":44,"column":31}},"44":{"start":{"line":45,"column":0},"end":{"line":45,"column":58}},"45":{"start":{"line":46,"column":0},"end":{"line":46,"column":6}},"46":{"start":{"line":47,"column":0},"end":{"line":47,"column":36}},"47":{"start":{"line":48,"column":0},"end":{"line":48,"column":71}},"48":{"start":{"line":49,"column":0},"end":{"line":49,"column":6}},"49":{"start":{"line":50,"column":0},"end":{"line":50,"column":34}},"50":{"start":{"line":51,"column":0},"end":{"line":51,"column":4}},"51":{"start":{"line":52,"column":0},"end":{"line":52,"column":3}},"52":{"start":{"line":53,"column":0},"end":{"line":53,"column":0}},"53":{"start":{"line":54,"column":0},"end":{"line":54,"column":14}},"54":{"start":{"line":55,"column":0},"end":{"line":55,"column":21}},"55":{"start":{"line":56,"column":0},"end":{"line":56,"column":18}},"56":{"start":{"line":57,"column":0},"end":{"line":57,"column":14}},"57":{"start":{"line":58,"column":0},"end":{"line":58,"column":13}},"58":{"start":{"line":59,"column":0},"end":{"line":59,"column":17}},"59":{"start":{"line":60,"column":0},"end":{"line":60,"column":21}},"60":{"start":{"line":61,"column":0},"end":{"line":61,"column":12}},"61":{"start":{"line":62,"column":0},"end":{"line":62,"column":22}},"62":{"start":{"line":63,"column":0},"end":{"line":63,"column":0}},"63":{"start":{"line":64,"column":0},"end":{"line":64,"column":12}},"64":{"start":{"line":65,"column":0},"end":{"line":65,"column":75}},"65":{"start":{"line":66,"column":0},"end":{"line":66,"column":69}},"66":{"start":{"line":67,"column":0},"end":{"line":67,"column":53}},"67":{"start":{"line":68,"column":0},"end":{"line":68,"column":61}},"68":{"start":{"line":69,"column":0},"end":{"line":69,"column":67}},"69":{"start":{"line":70,"column":0},"end":{"line":70,"column":67}},"70":{"start":{"line":71,"column":0},"end":{"line":71,"column":40}},"71":{"start":{"line":72,"column":0},"end":{"line":72,"column":31}},"72":{"start":{"line":73,"column":0},"end":{"line":73,"column":36}},"73":{"start":{"line":74,"column":0},"end":{"line":74,"column":31}},"74":{"start":{"line":75,"column":0},"end":{"line":75,"column":49}},"75":{"start":{"line":76,"column":0},"end":{"line":76,"column":36}},"76":{"start":{"line":77,"column":0},"end":{"line":77,"column":7}},"77":{"start":{"line":78,"column":0},"end":{"line":78,"column":17}},"78":{"start":{"line":79,"column":0},"end":{"line":79,"column":12}},"79":{"start":{"line":80,"column":0},"end":{"line":80,"column":2}},"80":{"start":{"line":81,"column":0},"end":{"line":81,"column":0}},"81":{"start":{"line":82,"column":0},"end":{"line":82,"column":43}},"82":{"start":{"line":83,"column":0},"end":{"line":83,"column":54}},"83":{"start":{"line":84,"column":0},"end":{"line":84,"column":48}},"84":{"start":{"line":85,"column":0},"end":{"line":85,"column":34}},"85":{"start":{"line":86,"column":0},"end":{"line":86,"column":0}},"86":{"start":{"line":87,"column":0},"end":{"line":87,"column":41}},"87":{"start":{"line":88,"column":0},"end":{"line":88,"column":43}},"88":{"start":{"line":89,"column":0},"end":{"line":89,"column":48}},"89":{"start":{"line":90,"column":0},"end":{"line":90,"column":25}},"90":{"start":{"line":91,"column":0},"end":{"line":91,"column":35}},"91":{"start":{"line":92,"column":0},"end":{"line":92,"column":35}},"92":{"start":{"line":93,"column":0},"end":{"line":93,"column":12}},"93":{"start":{"line":94,"column":0},"end":{"line":94,"column":21}},"94":{"start":{"line":95,"column":0},"end":{"line":95,"column":34}},"95":{"start":{"line":96,"column":0},"end":{"line":96,"column":21}},"96":{"start":{"line":97,"column":0},"end":{"line":97,"column":36}},"97":{"start":{"line":98,"column":0},"end":{"line":98,"column":11}},"98":{"start":{"line":99,"column":0},"end":{"line":99,"column":44}},"99":{"start":{"line":100,"column":0},"end":{"line":100,"column":9}},"100":{"start":{"line":101,"column":0},"end":{"line":101,"column":7}},"101":{"start":{"line":102,"column":0},"end":{"line":102,"column":5}},"102":{"start":{"line":103,"column":0},"end":{"line":103,"column":3}},"103":{"start":{"line":104,"column":0},"end":{"line":104,"column":18}},"104":{"start":{"line":105,"column":0},"end":{"line":105,"column":2}},"105":{"start":{"line":106,"column":0},"end":{"line":106,"column":0}},"106":{"start":{"line":107,"column":0},"end":{"line":107,"column":33}}},"s":{"0":1,"1":1,"2":1,"3":0,"4":0,"5":1,"6":1,"7":1,"8":1,"9":1,"10":1,"11":1,"12":1,"13":1,"14":1,"15":1,"16":1,"17":1,"18":1,"19":1,"20":1,"21":1,"22":1,"23":1,"24":1,"25":1,"26":1,"27":1,"28":1,"29":1,"30":1,"31":1,"32":1,"33":1,"34":1,"35":1,"36":1,"37":1,"38":1,"39":1,"40":1,"41":2,"42":2,"43":2,"44":2,"45":1,"46":1,"47":2,"48":1,"49":1,"50":1,"51":1,"52":1,"53":1,"54":1,"55":1,"56":1,"57":1,"58":1,"59":1,"60":1,"61":1,"62":1,"63":1,"64":1,"65":1,"66":1,"67":1,"68":1,"69":1,"70":1,"71":1,"72":1,"73":1,"74":1,"75":1,"76":1,"77":1,"78":1,"79":1,"80":1,"81":1,"82":1,"83":1,"84":1,"85":1,"86":1,"87":1,"88":1,"89":1,"90":1,"91":1,"92":1,"93":1,"94":1,"95":1,"96":1,"97":1,"98":1,"99":1,"100":1,"101":1,"102":1,"103":1,"104":1,"105":1,"106":1},"branchMap":{"0":{"type":"branch","line":29,"loc":{"start":{"line":29,"column":24},"end":{"line":31,"column":5}},"locations":[{"start":{"line":29,"column":24},"end":{"line":31,"column":5}}]},"1":{"type":"branch","line":32,"loc":{"start":{"line":32,"column":21},"end":{"line":34,"column":5}},"locations":[{"start":{"line":32,"column":21},"end":{"line":34,"column":5}}]},"2":{"type":"branch","line":35,"loc":{"start":{"line":35,"column":17},"end":{"line":37,"column":5}},"locations":[{"start":{"line":35,"column":17},"end":{"line":37,"column":5}}]},"3":{"type":"branch","line":38,"loc":{"start":{"line":38,"column":16},"end":{"line":40,"column":5}},"locations":[{"start":{"line":38,"column":16},"end":{"line":40,"column":5}}]},"4":{"type":"branch","line":41,"loc":{"start":{"line":41,"column":20},"end":{"line":46,"column":5}},"locations":[{"start":{"line":41,"column":20},"end":{"line":46,"column":5}}]},"5":{"type":"branch","line":47,"loc":{"start":{"line":47,"column":24},"end":{"line":49,"column":5}},"locations":[{"start":{"line":47,"column":24},"end":{"line":49,"column":5}}]},"6":{"type":"branch","line":50,"loc":{"start":{"line":50,"column":15},"end":{"line":50,"column":33}},"locations":[{"start":{"line":50,"column":15},"end":{"line":50,"column":33}}]},"7":{"type":"branch","line":65,"loc":{"start":{"line":65,"column":37},"end":{"line":65,"column":74}},"locations":[{"start":{"line":65,"column":37},"end":{"line":65,"column":74}}]},"8":{"type":"branch","line":66,"loc":{"start":{"line":66,"column":34},"end":{"line":66,"column":68}},"locations":[{"start":{"line":66,"column":34},"end":{"line":66,"column":68}}]},"9":{"type":"branch","line":67,"loc":{"start":{"line":67,"column":26},"end":{"line":67,"column":52}},"locations":[{"start":{"line":67,"column":26},"end":{"line":67,"column":52}}]},"10":{"type":"branch","line":68,"loc":{"start":{"line":68,"column":30},"end":{"line":68,"column":60}},"locations":[{"start":{"line":68,"column":30},"end":{"line":68,"column":60}}]},"11":{"type":"branch","line":69,"loc":{"start":{"line":69,"column":33},"end":{"line":69,"column":66}},"locations":[{"start":{"line":69,"column":33},"end":{"line":69,"column":66}}]},"12":{"type":"branch","line":70,"loc":{"start":{"line":70,"column":33},"end":{"line":70,"column":66}},"locations":[{"start":{"line":70,"column":33},"end":{"line":70,"column":66}}]},"13":{"type":"branch","line":71,"loc":{"start":{"line":71,"column":28},"end":{"line":80,"column":2}},"locations":[{"start":{"line":71,"column":28},"end":{"line":80,"column":2}}]},"14":{"type":"branch","line":79,"loc":{"start":{"line":79,"column":6},"end":{"line":79,"column":11}},"locations":[{"start":{"line":79,"column":6},"end":{"line":79,"column":11}}]},"15":{"type":"branch","line":73,"loc":{"start":{"line":73,"column":27},"end":{"line":79,"column":4}},"locations":[{"start":{"line":73,"column":27},"end":{"line":79,"column":4}}]},"16":{"type":"branch","line":75,"loc":{"start":{"line":75,"column":21},"end":{"line":75,"column":48}},"locations":[{"start":{"line":75,"column":21},"end":{"line":75,"column":48}}]},"17":{"type":"branch","line":83,"loc":{"start":{"line":83,"column":27},"end":{"line":105,"column":2}},"locations":[{"start":{"line":83,"column":27},"end":{"line":105,"column":2}}]},"18":{"type":"branch","line":85,"loc":{"start":{"line":85,"column":18},"end":{"line":85,"column":34}},"locations":[{"start":{"line":85,"column":18},"end":{"line":85,"column":34}}]},"19":{"type":"branch","line":84,"loc":{"start":{"line":84,"column":29},"end":{"line":84,"column":46}},"locations":[{"start":{"line":84,"column":29},"end":{"line":84,"column":46}}]}},"b":{"0":[1],"1":[1],"2":[1],"3":[1],"4":[2],"5":[2],"6":[1],"7":[1],"8":[1],"9":[1],"10":[1],"11":[1],"12":[1],"13":[1],"14":[0],"15":[1],"16":[0],"17":[1],"18":[0],"19":[2]},"fnMap":{"0":{"name":"createEmptyBoard","decl":{"start":{"line":3,"column":25},"end":{"line":5,"column":2}},"loc":{"start":{"line":3,"column":25},"end":{"line":5,"column":2}},"line":3},"1":{"name":"setConnectionState","decl":{"start":{"line":29,"column":24},"end":{"line":31,"column":5}},"loc":{"start":{"line":29,"column":24},"end":{"line":31,"column":5}},"line":29},"2":{"name":"setErrorMessage","decl":{"start":{"line":32,"column":21},"end":{"line":34,"column":5}},"loc":{"start":{"line":32,"column":21},"end":{"line":34,"column":5}},"line":32},"3":{"name":"setGameData","decl":{"start":{"line":35,"column":17},"end":{"line":37,"column":5}},"loc":{"start":{"line":35,"column":17},"end":{"line":37,"column":5}},"line":35},"4":{"name":"updateGame","decl":{"start":{"line":38,"column":16},"end":{"line":40,"column":5}},"loc":{"start":{"line":38,"column":16},"end":{"line":40,"column":5}},"line":38},"5":{"name":"setUserAndRoom","decl":{"start":{"line":41,"column":20},"end":{"line":46,"column":5}},"loc":{"start":{"line":41,"column":20},"end":{"line":46,"column":5}},"line":41},"6":{"name":"updateLeaderStatus","decl":{"start":{"line":47,"column":24},"end":{"line":49,"column":5}},"loc":{"start":{"line":47,"column":24},"end":{"line":49,"column":5}},"line":47},"7":{"name":"resetGame","decl":{"start":{"line":50,"column":15},"end":{"line":50,"column":33}},"loc":{"start":{"line":50,"column":15},"end":{"line":50,"column":33}},"line":50},"8":{"name":"selectConnectionState","decl":{"start":{"line":65,"column":37},"end":{"line":65,"column":74}},"loc":{"start":{"line":65,"column":37},"end":{"line":65,"column":74}},"line":65},"9":{"name":"selectErrorMessage","decl":{"start":{"line":66,"column":34},"end":{"line":66,"column":68}},"loc":{"start":{"line":66,"column":34},"end":{"line":66,"column":68}},"line":66},"10":{"name":"selectGame","decl":{"start":{"line":67,"column":26},"end":{"line":67,"column":52}},"loc":{"start":{"line":67,"column":26},"end":{"line":67,"column":52}},"line":67},"11":{"name":"selectIsLeader","decl":{"start":{"line":68,"column":30},"end":{"line":68,"column":60}},"loc":{"start":{"line":68,"column":30},"end":{"line":68,"column":60}},"line":68},"12":{"name":"selectCurrentUser","decl":{"start":{"line":69,"column":33},"end":{"line":69,"column":66}},"loc":{"start":{"line":69,"column":33},"end":{"line":69,"column":66}},"line":69},"13":{"name":"selectCurrentRoom","decl":{"start":{"line":70,"column":33},"end":{"line":70,"column":66}},"loc":{"start":{"line":70,"column":33},"end":{"line":70,"column":66}},"line":70},"14":{"name":"selectBoards","decl":{"start":{"line":71,"column":28},"end":{"line":80,"column":2}},"loc":{"start":{"line":71,"column":28},"end":{"line":80,"column":2}},"line":71},"15":{"name":"boardWithTetrimino","decl":{"start":{"line":83,"column":27},"end":{"line":105,"column":2}},"loc":{"start":{"line":83,"column":27},"end":{"line":105,"column":2}},"line":83}},"f":{"0":0,"1":1,"2":1,"3":1,"4":1,"5":2,"6":2,"7":1,"8":1,"9":1,"10":1,"11":1,"12":1,"13":1,"14":1,"15":1}}
,"/Users/oussama/Desktop/leet/b2/client/src/utils/functions.js": {"path":"/Users/oussama/Desktop/leet/b2/client/src/utils/functions.js","all":false,"statementMap":{"0":{"start":{"line":1,"column":0},"end":{"line":1,"column":86}},"1":{"start":{"line":2,"column":0},"end":{"line":2,"column":115}},"2":{"start":{"line":3,"column":0},"end":{"line":3,"column":0}},"3":{"start":{"line":4,"column":0},"end":{"line":4,"column":31}},"4":{"start":{"line":5,"column":0},"end":{"line":5,"column":31}},"5":{"start":{"line":6,"column":0},"end":{"line":6,"column":1}}},"s":{"0":1,"1":1,"2":1,"3":1,"4":250,"5":250},"branchMap":{"0":{"type":"branch","line":4,"loc":{"start":{"line":4,"column":7},"end":{"line":6,"column":1}},"locations":[{"start":{"line":4,"column":7},"end":{"line":6,"column":1}}]}},"b":{"0":[250]},"fnMap":{"0":{"name":"cn","decl":{"start":{"line":4,"column":7},"end":{"line":6,"column":1}},"loc":{"start":{"line":4,"column":7},"end":{"line":6,"column":1}},"line":4}},"f":{"0":250}}
}
